Connecting to database specified by database.yml
Connecting to database specified by database.yml
Connecting to database specified by database.yml
  [1m[36m (0.0ms)[0m  [1mselect sqlite_version(*)[0m
  [1m[35m (189.0ms)[0m  CREATE TABLE "schema_migrations" ("version" varchar(255) NOT NULL) 
  [1m[36m (113.0ms)[0m  [1mCREATE UNIQUE INDEX "unique_schema_migrations" ON "schema_migrations" ("version")[0m
  [1m[35m (1.0ms)[0m  SELECT "schema_migrations"."version" FROM "schema_migrations" 
Migrating to CreateUsers (20150314205032)
  [1m[36m (0.0ms)[0m  [1mbegin transaction[0m
  [1m[35m (3.0ms)[0m  CREATE TABLE "users" ("id" INTEGER PRIMARY KEY AUTOINCREMENT NOT NULL, "created_at" datetime NOT NULL, "updated_at" datetime NOT NULL) 
  [1m[36m (0.0ms)[0m  [1mINSERT INTO "schema_migrations" ("version") VALUES ('20150314205032')[0m
  [1m[35m (110.0ms)[0m  commit transaction
Migrating to AddVideoToUsers (20150314205402)
  [1m[36m (0.0ms)[0m  [1mbegin transaction[0m
  [1m[35m (2.0ms)[0m  ALTER TABLE "users" ADD "video" varchar(255)
  [1m[36m (0.0ms)[0m  [1mINSERT INTO "schema_migrations" ("version") VALUES ('20150314205402')[0m
  [1m[35m (93.0ms)[0m  commit transaction
  [1m[36m (1.0ms)[0m  [1mSELECT "schema_migrations"."version" FROM "schema_migrations" [0m


Started GET "/assets/rails.png" for 127.0.0.1 at 2015-03-15 03:04:31 +0530
Connecting to database specified by database.yml
Served asset /rails.png - 200 OK (245ms)


Started GET "/" for 127.0.0.1 at 2015-03-15 03:05:48 +0530

ActionController::RoutingError (No route matches [GET] "/"):
  actionpack (3.2.16) lib/action_dispatch/middleware/debug_exceptions.rb:21:in `call'
  actionpack (3.2.16) lib/action_dispatch/middleware/show_exceptions.rb:56:in `call'
  railties (3.2.16) lib/rails/rack/logger.rb:32:in `call_app'
  railties (3.2.16) lib/rails/rack/logger.rb:16:in `block in call'
  activesupport (3.2.16) lib/active_support/tagged_logging.rb:22:in `tagged'
  railties (3.2.16) lib/rails/rack/logger.rb:16:in `call'
  actionpack (3.2.16) lib/action_dispatch/middleware/request_id.rb:22:in `call'
  rack (1.4.5) lib/rack/methodoverride.rb:21:in `call'
  rack (1.4.5) lib/rack/runtime.rb:17:in `call'
  activesupport (3.2.16) lib/active_support/cache/strategy/local_cache.rb:72:in `call'
  rack (1.4.5) lib/rack/lock.rb:15:in `call'
  actionpack (3.2.16) lib/action_dispatch/middleware/static.rb:63:in `call'
  railties (3.2.16) lib/rails/engine.rb:484:in `call'
  railties (3.2.16) lib/rails/application.rb:231:in `call'
  rack (1.4.5) lib/rack/content_length.rb:14:in `call'
  railties (3.2.16) lib/rails/rack/log_tailer.rb:17:in `call'
  rack (1.4.5) lib/rack/handler/webrick.rb:59:in `service'
  C:/RailsInstaller/Ruby1.9.3/lib/ruby/1.9.1/webrick/httpserver.rb:138:in `service'
  C:/RailsInstaller/Ruby1.9.3/lib/ruby/1.9.1/webrick/httpserver.rb:94:in `run'
  C:/RailsInstaller/Ruby1.9.3/lib/ruby/1.9.1/webrick/server.rb:191:in `block in start_thread'


  Rendered C:/RailsInstaller/Ruby1.9.3/lib/ruby/gems/1.9.1/gems/actionpack-3.2.16/lib/action_dispatch/middleware/templates/rescues/routing_error.erb within rescues/layout (28.0ms)


Started POST "/users" for 127.0.0.1 at 2015-03-15 03:50:11 +0530

ActionController::RoutingError (No route matches [POST] "/users"):
  actionpack (3.2.16) lib/action_dispatch/middleware/debug_exceptions.rb:21:in `call'
  actionpack (3.2.16) lib/action_dispatch/middleware/show_exceptions.rb:56:in `call'
  railties (3.2.16) lib/rails/rack/logger.rb:32:in `call_app'
  railties (3.2.16) lib/rails/rack/logger.rb:16:in `block in call'
  activesupport (3.2.16) lib/active_support/tagged_logging.rb:22:in `tagged'
  railties (3.2.16) lib/rails/rack/logger.rb:16:in `call'
  actionpack (3.2.16) lib/action_dispatch/middleware/request_id.rb:22:in `call'
  rack (1.4.5) lib/rack/methodoverride.rb:21:in `call'
  rack (1.4.5) lib/rack/runtime.rb:17:in `call'
  activesupport (3.2.16) lib/active_support/cache/strategy/local_cache.rb:72:in `call'
  rack (1.4.5) lib/rack/lock.rb:15:in `call'
  actionpack (3.2.16) lib/action_dispatch/middleware/static.rb:63:in `call'
  railties (3.2.16) lib/rails/engine.rb:484:in `call'
  railties (3.2.16) lib/rails/application.rb:231:in `call'
  rack (1.4.5) lib/rack/content_length.rb:14:in `call'
  railties (3.2.16) lib/rails/rack/log_tailer.rb:17:in `call'
  rack (1.4.5) lib/rack/handler/webrick.rb:59:in `service'
  C:/RailsInstaller/Ruby1.9.3/lib/ruby/1.9.1/webrick/httpserver.rb:138:in `service'
  C:/RailsInstaller/Ruby1.9.3/lib/ruby/1.9.1/webrick/httpserver.rb:94:in `run'
  C:/RailsInstaller/Ruby1.9.3/lib/ruby/1.9.1/webrick/server.rb:191:in `block in start_thread'


  Rendered C:/RailsInstaller/Ruby1.9.3/lib/ruby/gems/1.9.1/gems/actionpack-3.2.16/lib/action_dispatch/middleware/templates/rescues/routing_error.erb within rescues/layout (1.0ms)


Started POST "/users" for 127.0.0.1 at 2015-03-15 03:51:47 +0530

AbstractController::ActionNotFound (The action 'create' could not be found for UsersController):
  actionpack (3.2.16) lib/abstract_controller/base.rb:116:in `process'
  actionpack (3.2.16) lib/abstract_controller/rendering.rb:45:in `process'
  actionpack (3.2.16) lib/action_controller/metal.rb:203:in `dispatch'
  actionpack (3.2.16) lib/action_controller/metal/rack_delegation.rb:14:in `dispatch'
  actionpack (3.2.16) lib/action_controller/metal.rb:246:in `block in action'
  actionpack (3.2.16) lib/action_dispatch/routing/route_set.rb:73:in `call'
  actionpack (3.2.16) lib/action_dispatch/routing/route_set.rb:73:in `dispatch'
  actionpack (3.2.16) lib/action_dispatch/routing/route_set.rb:36:in `call'
  journey (1.0.4) lib/journey/router.rb:68:in `block in call'
  journey (1.0.4) lib/journey/router.rb:56:in `each'
  journey (1.0.4) lib/journey/router.rb:56:in `call'
  actionpack (3.2.16) lib/action_dispatch/routing/route_set.rb:608:in `call'
  actionpack (3.2.16) lib/action_dispatch/middleware/best_standards_support.rb:17:in `call'
  rack (1.4.5) lib/rack/etag.rb:23:in `call'
  rack (1.4.5) lib/rack/conditionalget.rb:35:in `call'
  actionpack (3.2.16) lib/action_dispatch/middleware/head.rb:14:in `call'
  actionpack (3.2.16) lib/action_dispatch/middleware/params_parser.rb:21:in `call'
  actionpack (3.2.16) lib/action_dispatch/middleware/flash.rb:242:in `call'
  rack (1.4.5) lib/rack/session/abstract/id.rb:210:in `context'
  rack (1.4.5) lib/rack/session/abstract/id.rb:205:in `call'
  actionpack (3.2.16) lib/action_dispatch/middleware/cookies.rb:341:in `call'
  activerecord (3.2.16) lib/active_record/query_cache.rb:64:in `call'
  activerecord (3.2.16) lib/active_record/connection_adapters/abstract/connection_pool.rb:479:in `call'
  actionpack (3.2.16) lib/action_dispatch/middleware/callbacks.rb:28:in `block in call'
  activesupport (3.2.16) lib/active_support/callbacks.rb:405:in `_run__173318955__call__891589914__callbacks'
  activesupport (3.2.16) lib/active_support/callbacks.rb:405:in `__run_callback'
  activesupport (3.2.16) lib/active_support/callbacks.rb:385:in `_run_call_callbacks'
  activesupport (3.2.16) lib/active_support/callbacks.rb:81:in `run_callbacks'
  actionpack (3.2.16) lib/action_dispatch/middleware/callbacks.rb:27:in `call'
  actionpack (3.2.16) lib/action_dispatch/middleware/reloader.rb:65:in `call'
  actionpack (3.2.16) lib/action_dispatch/middleware/remote_ip.rb:31:in `call'
  actionpack (3.2.16) lib/action_dispatch/middleware/debug_exceptions.rb:16:in `call'
  actionpack (3.2.16) lib/action_dispatch/middleware/show_exceptions.rb:56:in `call'
  railties (3.2.16) lib/rails/rack/logger.rb:32:in `call_app'
  railties (3.2.16) lib/rails/rack/logger.rb:16:in `block in call'
  activesupport (3.2.16) lib/active_support/tagged_logging.rb:22:in `tagged'
  railties (3.2.16) lib/rails/rack/logger.rb:16:in `call'
  actionpack (3.2.16) lib/action_dispatch/middleware/request_id.rb:22:in `call'
  rack (1.4.5) lib/rack/methodoverride.rb:21:in `call'
  rack (1.4.5) lib/rack/runtime.rb:17:in `call'
  activesupport (3.2.16) lib/active_support/cache/strategy/local_cache.rb:72:in `call'
  rack (1.4.5) lib/rack/lock.rb:15:in `call'
  actionpack (3.2.16) lib/action_dispatch/middleware/static.rb:63:in `call'
  railties (3.2.16) lib/rails/engine.rb:484:in `call'
  railties (3.2.16) lib/rails/application.rb:231:in `call'
  rack (1.4.5) lib/rack/content_length.rb:14:in `call'
  railties (3.2.16) lib/rails/rack/log_tailer.rb:17:in `call'
  rack (1.4.5) lib/rack/handler/webrick.rb:59:in `service'
  C:/RailsInstaller/Ruby1.9.3/lib/ruby/1.9.1/webrick/httpserver.rb:138:in `service'
  C:/RailsInstaller/Ruby1.9.3/lib/ruby/1.9.1/webrick/httpserver.rb:94:in `run'
  C:/RailsInstaller/Ruby1.9.3/lib/ruby/1.9.1/webrick/server.rb:191:in `block in start_thread'


  Rendered C:/RailsInstaller/Ruby1.9.3/lib/ruby/gems/1.9.1/gems/actionpack-3.2.16/lib/action_dispatch/middleware/templates/rescues/unknown_action.erb within rescues/layout (4.0ms)


Started POST "/users" for 127.0.0.1 at 2015-03-15 03:52:50 +0530
Processing by UsersController#create as HTML
  Parameters: {"ur"=>"", "user"=>{}}
WARNING: Can't verify CSRF token authenticity
  [1m[36m (0.0ms)[0m  [1mbegin transaction[0m
  [1m[35mSQL (476.0ms)[0m  INSERT INTO "users" ("created_at", "updated_at", "video") VALUES (?, ?, ?)  [["created_at", Sat, 14 Mar 2015 22:22:52 UTC +00:00], ["updated_at", Sat, 14 Mar 2015 22:22:52 UTC +00:00], ["video", nil]]
  [1m[36m (141.0ms)[0m  [1mcommit transaction[0m
Completed 200 OK in 1991.1ms (Views: 0.0ms | ActiveRecord: 809.0ms)


Started POST "/users" for 127.0.0.1 at 2015-03-15 03:54:56 +0530
Processing by UsersController#create as HTML
  Parameters: {"ur"=>"", "user"=>{}}
WARNING: Can't verify CSRF token authenticity
  [1m[35m (0.0ms)[0m  begin transaction
  [1m[36mSQL (3.0ms)[0m  [1mINSERT INTO "users" ("created_at", "updated_at", "video") VALUES (?, ?, ?)[0m  [["created_at", Sat, 14 Mar 2015 22:24:56 UTC +00:00], ["updated_at", Sat, 14 Mar 2015 22:24:56 UTC +00:00], ["video", nil]]
  [1m[35m (108.0ms)[0m  commit transaction
Completed 200 OK in 119.0ms (Views: 0.0ms | ActiveRecord: 111.0ms)


Started POST "/users" for 127.0.0.1 at 2015-03-15 03:55:32 +0530
Processing by UsersController#create as HTML
  Parameters: {"ur"=>"hiiiiiii", "user"=>{}}
WARNING: Can't verify CSRF token authenticity
  [1m[36m (1.0ms)[0m  [1mbegin transaction[0m
  [1m[35mSQL (10.0ms)[0m  INSERT INTO "users" ("created_at", "updated_at", "video") VALUES (?, ?, ?)  [["created_at", Sat, 14 Mar 2015 22:25:32 UTC +00:00], ["updated_at", Sat, 14 Mar 2015 22:25:32 UTC +00:00], ["video", nil]]
  [1m[36m (138.0ms)[0m  [1mcommit transaction[0m
Completed 200 OK in 159.0ms (Views: 0.0ms | ActiveRecord: 149.0ms)


Started POST "/users" for 127.0.0.1 at 2015-03-15 03:57:27 +0530
Processing by UsersController#create as HTML
  Parameters: {"user"=>"hiiiiiii"}
WARNING: Can't verify CSRF token authenticity
  [1m[35m (1.0ms)[0m  begin transaction
  [1m[36mSQL (3.0ms)[0m  [1mINSERT INTO "users" ("created_at", "updated_at", "video") VALUES (?, ?, ?)[0m  [["created_at", Sat, 14 Mar 2015 22:27:27 UTC +00:00], ["updated_at", Sat, 14 Mar 2015 22:27:27 UTC +00:00], ["video", nil]]
  [1m[35m (297.0ms)[0m  commit transaction
Completed 200 OK in 326.0ms (Views: 0.0ms | ActiveRecord: 301.0ms)


Started POST "/users" for 127.0.0.1 at 2015-03-15 04:15:28 +0530
Processing by UsersController#create as HTML
  Parameters: {"user"=>"hiiiiiii"}
WARNING: Can't verify CSRF token authenticity
  [1m[36m (0.0ms)[0m  [1mbegin transaction[0m
  [1m[35mSQL (10.0ms)[0m  INSERT INTO "users" ("created_at", "updated_at", "video") VALUES (?, ?, ?)  [["created_at", Sat, 14 Mar 2015 22:45:29 UTC +00:00], ["updated_at", Sat, 14 Mar 2015 22:45:29 UTC +00:00], ["video", nil]]
  [1m[36m (583.0ms)[0m  [1mcommit transaction[0m
Completed 200 OK in 696.0ms (Views: 2.0ms | ActiveRecord: 593.0ms)


Started POST "/users" for 127.0.0.1 at 2015-03-15 04:25:51 +0530
Processing by UsersController#create as HTML
  Parameters: {"user"=>"hiiiiiii"}
WARNING: Can't verify CSRF token authenticity
  [1m[35m (0.0ms)[0m  begin transaction
  [1m[36mSQL (6.0ms)[0m  [1mINSERT INTO "users" ("created_at", "updated_at", "video") VALUES (?, ?, ?)[0m  [["created_at", Sat, 14 Mar 2015 22:55:52 UTC +00:00], ["updated_at", Sat, 14 Mar 2015 22:55:52 UTC +00:00], ["video", nil]]
  [1m[35m (601.0ms)[0m  commit transaction
Completed 200 OK in 614.0ms (Views: 0.0ms | ActiveRecord: 607.0ms)


Started POST "/users" for 127.0.0.1 at 2015-03-15 04:27:10 +0530
Processing by UsersController#create as HTML
  Parameters: {"user"=>"hiiiiiii"}
WARNING: Can't verify CSRF token authenticity
  [1m[36m (0.0ms)[0m  [1mbegin transaction[0m
  [1m[35mSQL (58.0ms)[0m  INSERT INTO "users" ("created_at", "updated_at", "video") VALUES (?, ?, ?)  [["created_at", Sat, 14 Mar 2015 22:57:10 UTC +00:00], ["updated_at", Sat, 14 Mar 2015 22:57:10 UTC +00:00], ["video", nil]]
  [1m[36m (839.0ms)[0m  [1mcommit transaction[0m
Completed 200 OK in 908.1ms (Views: 0.0ms | ActiveRecord: 897.1ms)


Started POST "/users" for 127.0.0.1 at 2015-03-15 04:29:25 +0530
Processing by UsersController#create as HTML
  Parameters: {"user"=>"hiiiiiii"}
WARNING: Can't verify CSRF token authenticity
  [1m[35m (0.0ms)[0m  begin transaction
  [1m[36mSQL (6.0ms)[0m  [1mINSERT INTO "users" ("created_at", "updated_at", "video") VALUES (?, ?, ?)[0m  [["created_at", Sat, 14 Mar 2015 22:59:25 UTC +00:00], ["updated_at", Sat, 14 Mar 2015 22:59:25 UTC +00:00], ["video", nil]]
  [1m[35m (471.0ms)[0m  commit transaction
Completed 200 OK in 512.0ms (Views: 0.0ms | ActiveRecord: 477.0ms)


Started POST "/users" for 127.0.0.1 at 2015-03-15 04:46:01 +0530
Processing by UsersController#create as HTML
  Parameters: {"user"=>"hiiiiiii"}
WARNING: Can't verify CSRF token authenticity
  [1m[36m (1.0ms)[0m  [1mbegin transaction[0m
  [1m[35mSQL (7.0ms)[0m  INSERT INTO "users" ("created_at", "updated_at", "video") VALUES (?, ?, ?)  [["created_at", Sat, 14 Mar 2015 23:16:01 UTC +00:00], ["updated_at", Sat, 14 Mar 2015 23:16:01 UTC +00:00], ["video", nil]]
  [1m[36m (121.0ms)[0m  [1mcommit transaction[0m
Completed 200 OK in 142.0ms (Views: 0.0ms | ActiveRecord: 129.0ms)


Started POST "/users" for 127.0.0.1 at 2015-03-15 04:47:55 +0530
Connecting to database specified by database.yml
Processing by UsersController#create as HTML
  Parameters: {"user"=>"hiiiiiii"}
WARNING: Can't verify CSRF token authenticity
  [1m[36m (0.0ms)[0m  [1mbegin transaction[0m
  [1m[35mSQL (94.0ms)[0m  INSERT INTO "users" ("created_at", "updated_at", "video") VALUES (?, ?, ?)  [["created_at", Sat, 14 Mar 2015 23:18:07 UTC +00:00], ["updated_at", Sat, 14 Mar 2015 23:18:07 UTC +00:00], ["video", nil]]
  [1m[36m (124.0ms)[0m  [1mcommit transaction[0m
Completed 200 OK in 1080.1ms (Views: 2.0ms | ActiveRecord: 285.0ms)


Started POST "/users" for 127.0.0.1 at 2015-03-15 04:48:07 +0530
Processing by UsersController#create as HTML
  Parameters: {"user"=>"hiiiiiii"}
WARNING: Can't verify CSRF token authenticity
  [1m[35m (0.0ms)[0m  begin transaction
  [1m[36mSQL (3.0ms)[0m  [1mINSERT INTO "users" ("created_at", "updated_at", "video") VALUES (?, ?, ?)[0m  [["created_at", Sat, 14 Mar 2015 23:18:07 UTC +00:00], ["updated_at", Sat, 14 Mar 2015 23:18:07 UTC +00:00], ["video", nil]]
  [1m[35m (118.0ms)[0m  commit transaction
Completed 200 OK in 143.0ms (Views: 1.0ms | ActiveRecord: 121.0ms)


Started POST "/users" for 127.0.0.1 at 2015-03-15 04:53:25 +0530
Processing by UsersController#create as HTML
  Parameters: {"user"=>"hiiiiiii"}
WARNING: Can't verify CSRF token authenticity
  [1m[36m (0.0ms)[0m  [1mbegin transaction[0m
  [1m[35mSQL (3.0ms)[0m  INSERT INTO "users" ("created_at", "updated_at", "video") VALUES (?, ?, ?)  [["created_at", Sat, 14 Mar 2015 23:23:25 UTC +00:00], ["updated_at", Sat, 14 Mar 2015 23:23:25 UTC +00:00], ["video", nil]]
  [1m[36m (249.0ms)[0m  [1mcommit transaction[0m
Completed 200 OK in 264.0ms (Views: 0.0ms | ActiveRecord: 252.0ms)


Started POST "/users" for 127.0.0.1 at 2015-03-15 04:55:13 +0530
Processing by UsersController#create as HTML
  Parameters: {"user"=>"hiiiiiii"}
WARNING: Can't verify CSRF token authenticity
  [1m[35m (0.0ms)[0m  begin transaction
  [1m[36mSQL (3.0ms)[0m  [1mINSERT INTO "users" ("created_at", "updated_at", "video") VALUES (?, ?, ?)[0m  [["created_at", Sat, 14 Mar 2015 23:25:13 UTC +00:00], ["updated_at", Sat, 14 Mar 2015 23:25:13 UTC +00:00], ["video", nil]]
  [1m[35m (157.0ms)[0m  commit transaction
Completed 200 OK in 178.0ms (Views: 0.0ms | ActiveRecord: 160.0ms)


Started POST "/users" for 127.0.0.1 at 2015-03-15 05:00:10 +0530
Processing by UsersController#create as HTML
  Parameters: {"user"=>{}}
WARNING: Can't verify CSRF token authenticity
  [1m[36m (0.0ms)[0m  [1mbegin transaction[0m
  [1m[35mSQL (6.0ms)[0m  INSERT INTO "users" ("created_at", "updated_at", "video") VALUES (?, ?, ?)  [["created_at", Sat, 14 Mar 2015 23:30:10 UTC +00:00], ["updated_at", Sat, 14 Mar 2015 23:30:10 UTC +00:00], ["video", nil]]
  [1m[36m (214.0ms)[0m  [1mcommit transaction[0m
Completed 200 OK in 232.0ms (Views: 5.0ms | ActiveRecord: 220.0ms)


Started POST "/users" for 127.0.0.1 at 2015-03-15 05:01:42 +0530
Processing by UsersController#create as HTML
  Parameters: {"user"=>"undefined"}
WARNING: Can't verify CSRF token authenticity
  [1m[35m (0.0ms)[0m  begin transaction
  [1m[36mSQL (6.0ms)[0m  [1mINSERT INTO "users" ("created_at", "updated_at", "video") VALUES (?, ?, ?)[0m  [["created_at", Sat, 14 Mar 2015 23:31:42 UTC +00:00], ["updated_at", Sat, 14 Mar 2015 23:31:42 UTC +00:00], ["video", nil]]
  [1m[35m (488.0ms)[0m  commit transaction
Completed 200 OK in 505.0ms (Views: 0.0ms | ActiveRecord: 494.0ms)


Started POST "/users" for 127.0.0.1 at 2015-03-15 05:02:41 +0530
Processing by UsersController#create as HTML
  Parameters: {"user"=>"undefined"}
WARNING: Can't verify CSRF token authenticity
  [1m[36m (0.0ms)[0m  [1mbegin transaction[0m
  [1m[35mSQL (6.0ms)[0m  INSERT INTO "users" ("created_at", "updated_at", "video") VALUES (?, ?, ?)  [["created_at", Sat, 14 Mar 2015 23:32:41 UTC +00:00], ["updated_at", Sat, 14 Mar 2015 23:32:41 UTC +00:00], ["video", nil]]
  [1m[36m (111.0ms)[0m  [1mcommit transaction[0m
Completed 200 OK in 127.0ms (Views: 0.0ms | ActiveRecord: 117.0ms)


Started POST "/users" for 127.0.0.1 at 2015-03-15 05:03:19 +0530
Processing by UsersController#create as HTML
  Parameters: {"user"=>""}
WARNING: Can't verify CSRF token authenticity
  [1m[35m (0.0ms)[0m  begin transaction
  [1m[36mSQL (296.0ms)[0m  [1mINSERT INTO "users" ("created_at", "updated_at", "video") VALUES (?, ?, ?)[0m  [["created_at", Sat, 14 Mar 2015 23:33:19 UTC +00:00], ["updated_at", Sat, 14 Mar 2015 23:33:19 UTC +00:00], ["video", nil]]
  [1m[35m (172.0ms)[0m  commit transaction
Completed 200 OK in 473.0ms (Views: 1.0ms | ActiveRecord: 468.0ms)


Started POST "/users" for 127.0.0.1 at 2015-03-15 05:07:26 +0530
Processing by UsersController#create as HTML
  Parameters: {"user"=>"blob"}
WARNING: Can't verify CSRF token authenticity
  [1m[36m (1.0ms)[0m  [1mbegin transaction[0m
  [1m[35mSQL (5.0ms)[0m  INSERT INTO "users" ("created_at", "updated_at", "video") VALUES (?, ?, ?)  [["created_at", Sat, 14 Mar 2015 23:37:26 UTC +00:00], ["updated_at", Sat, 14 Mar 2015 23:37:26 UTC +00:00], ["video", nil]]
  [1m[36m (129.0ms)[0m  [1mcommit transaction[0m
Completed 200 OK in 146.0ms (Views: 0.0ms | ActiveRecord: 135.0ms)


Started POST "/users" for 127.0.0.1 at 2015-03-15 05:12:23 +0530
Processing by UsersController#create as HTML
  Parameters: {"user"=>"https://www.webrtc-experiment.com/RecordRTC/AudioVideo-on-Firefox.html"}
WARNING: Can't verify CSRF token authenticity
  [1m[35m (1.0ms)[0m  begin transaction
  [1m[36mSQL (4.0ms)[0m  [1mINSERT INTO "users" ("created_at", "updated_at", "video") VALUES (?, ?, ?)[0m  [["created_at", Sat, 14 Mar 2015 23:42:23 UTC +00:00], ["updated_at", Sat, 14 Mar 2015 23:42:23 UTC +00:00], ["video", nil]]
  [1m[35m (255.0ms)[0m  commit transaction
Completed 200 OK in 338.0ms (Views: 0.0ms | ActiveRecord: 260.0ms)


Started POST "/users" for 127.0.0.1 at 2015-03-15 05:13:31 +0530
Processing by UsersController#create as HTML
  Parameters: {"user"=>""}
WARNING: Can't verify CSRF token authenticity
  [1m[36m (1.0ms)[0m  [1mbegin transaction[0m
  [1m[35mSQL (5.0ms)[0m  INSERT INTO "users" ("created_at", "updated_at", "video") VALUES (?, ?, ?)  [["created_at", Sat, 14 Mar 2015 23:43:31 UTC +00:00], ["updated_at", Sat, 14 Mar 2015 23:43:31 UTC +00:00], ["video", nil]]
  [1m[36m (271.0ms)[0m  [1mcommit transaction[0m
Completed 200 OK in 284.0ms (Views: 0.0ms | ActiveRecord: 277.0ms)


Started POST "/users" for 127.0.0.1 at 2015-03-15 05:14:14 +0530
Processing by UsersController#create as HTML
  Parameters: {"user"=>"blob:http://localhost:3000/a342d06b-8f74-485f-8786-8ce130f4738d"}
WARNING: Can't verify CSRF token authenticity
  [1m[35m (0.0ms)[0m  begin transaction
  [1m[36mSQL (9.0ms)[0m  [1mINSERT INTO "users" ("created_at", "updated_at", "video") VALUES (?, ?, ?)[0m  [["created_at", Sat, 14 Mar 2015 23:44:14 UTC +00:00], ["updated_at", Sat, 14 Mar 2015 23:44:14 UTC +00:00], ["video", nil]]
  [1m[35m (110.0ms)[0m  commit transaction
Completed 200 OK in 122.0ms (Views: 0.0ms | ActiveRecord: 119.0ms)


Started POST "/users" for 127.0.0.1 at 2015-03-15 05:16:13 +0530
Processing by UsersController#create as HTML
  Parameters: {"user"=>""}
WARNING: Can't verify CSRF token authenticity
  [1m[36m (0.0ms)[0m  [1mbegin transaction[0m
  [1m[35mSQL (6.0ms)[0m  INSERT INTO "users" ("created_at", "updated_at", "video") VALUES (?, ?, ?)  [["created_at", Sat, 14 Mar 2015 23:46:13 UTC +00:00], ["updated_at", Sat, 14 Mar 2015 23:46:13 UTC +00:00], ["video", nil]]
  [1m[36m (345.0ms)[0m  [1mcommit transaction[0m
Completed 200 OK in 356.0ms (Views: 1.0ms | ActiveRecord: 351.0ms)


Started POST "/users" for 127.0.0.1 at 2015-03-15 05:16:35 +0530
Processing by UsersController#create as HTML
  Parameters: {"user"=>"blob:http://localhost:3000/a342d06b-8f74-485f-8786-8ce130f4738d"}
WARNING: Can't verify CSRF token authenticity
  [1m[35m (1.0ms)[0m  begin transaction
  [1m[36mSQL (3.0ms)[0m  [1mINSERT INTO "users" ("created_at", "updated_at", "video") VALUES (?, ?, ?)[0m  [["created_at", Sat, 14 Mar 2015 23:46:35 UTC +00:00], ["updated_at", Sat, 14 Mar 2015 23:46:35 UTC +00:00], ["video", nil]]
  [1m[35m (234.0ms)[0m  commit transaction
Completed 200 OK in 261.0ms (Views: 0.0ms | ActiveRecord: 238.0ms)


Started POST "/users" for 127.0.0.1 at 2015-03-15 05:27:50 +0530
Processing by UsersController#create as HTML
  Parameters: {"user"=>"blob:http://localhost:3000/4c9da7b0-a265-4891-bb6b-37e1969d67e5"}
WARNING: Can't verify CSRF token authenticity
  [1m[36m (0.0ms)[0m  [1mbegin transaction[0m
  [1m[35mSQL (4.0ms)[0m  INSERT INTO "users" ("created_at", "updated_at", "video") VALUES (?, ?, ?)  [["created_at", Sat, 14 Mar 2015 23:57:50 UTC +00:00], ["updated_at", Sat, 14 Mar 2015 23:57:50 UTC +00:00], ["video", nil]]
  [1m[36m (235.0ms)[0m  [1mcommit transaction[0m
Completed 200 OK in 246.0ms (Views: 0.0ms | ActiveRecord: 239.0ms)


Started POST "/users" for 127.0.0.1 at 2015-03-15 05:28:23 +0530
Processing by UsersController#create as HTML
  Parameters: {"user"=>"blob:http://localhost:3000/4c9da7b0-a265-4891-bb6b-37e1969d67e5"}
WARNING: Can't verify CSRF token authenticity
  [1m[35m (1.0ms)[0m  begin transaction
  [1m[36mSQL (8.0ms)[0m  [1mINSERT INTO "users" ("created_at", "updated_at", "video") VALUES (?, ?, ?)[0m  [["created_at", Sat, 14 Mar 2015 23:58:23 UTC +00:00], ["updated_at", Sat, 14 Mar 2015 23:58:23 UTC +00:00], ["video", nil]]
  [1m[35m (277.0ms)[0m  commit transaction
Completed 200 OK in 290.0ms (Views: 1.0ms | ActiveRecord: 286.0ms)


Started POST "/users" for 127.0.0.1 at 2015-03-15 05:29:59 +0530
Processing by UsersController#create as HTML
  Parameters: {"user"=>"blob:http://localhost:3000/c0957891-b9a9-473b-ac95-064c640ab6d1"}
WARNING: Can't verify CSRF token authenticity
  [1m[36m (0.0ms)[0m  [1mbegin transaction[0m
  [1m[35mSQL (6.0ms)[0m  INSERT INTO "users" ("created_at", "updated_at", "video") VALUES (?, ?, ?)  [["created_at", Sat, 14 Mar 2015 23:59:59 UTC +00:00], ["updated_at", Sat, 14 Mar 2015 23:59:59 UTC +00:00], ["video", nil]]
  [1m[36m (154.0ms)[0m  [1mcommit transaction[0m
Completed 200 OK in 164.0ms (Views: 0.0ms | ActiveRecord: 160.0ms)


Started GET "/a342d06b-8f74-485f-8786-8ce130f4738d" for 127.0.0.1 at 2015-03-15 05:31:53 +0530

ActionController::RoutingError (No route matches [GET] "/a342d06b-8f74-485f-8786-8ce130f4738d"):
  actionpack (3.2.16) lib/action_dispatch/middleware/debug_exceptions.rb:21:in `call'
  actionpack (3.2.16) lib/action_dispatch/middleware/show_exceptions.rb:56:in `call'
  railties (3.2.16) lib/rails/rack/logger.rb:32:in `call_app'
  railties (3.2.16) lib/rails/rack/logger.rb:16:in `block in call'
  activesupport (3.2.16) lib/active_support/tagged_logging.rb:22:in `tagged'
  railties (3.2.16) lib/rails/rack/logger.rb:16:in `call'
  actionpack (3.2.16) lib/action_dispatch/middleware/request_id.rb:22:in `call'
  rack (1.4.5) lib/rack/methodoverride.rb:21:in `call'
  rack (1.4.5) lib/rack/runtime.rb:17:in `call'
  activesupport (3.2.16) lib/active_support/cache/strategy/local_cache.rb:72:in `call'
  rack (1.4.5) lib/rack/lock.rb:15:in `call'
  actionpack (3.2.16) lib/action_dispatch/middleware/static.rb:63:in `call'
  railties (3.2.16) lib/rails/engine.rb:484:in `call'
  railties (3.2.16) lib/rails/application.rb:231:in `call'
  rack (1.4.5) lib/rack/content_length.rb:14:in `call'
  railties (3.2.16) lib/rails/rack/log_tailer.rb:17:in `call'
  rack (1.4.5) lib/rack/handler/webrick.rb:59:in `service'
  C:/RailsInstaller/Ruby1.9.3/lib/ruby/1.9.1/webrick/httpserver.rb:138:in `service'
  C:/RailsInstaller/Ruby1.9.3/lib/ruby/1.9.1/webrick/httpserver.rb:94:in `run'
  C:/RailsInstaller/Ruby1.9.3/lib/ruby/1.9.1/webrick/server.rb:191:in `block in start_thread'


  Rendered C:/RailsInstaller/Ruby1.9.3/lib/ruby/gems/1.9.1/gems/actionpack-3.2.16/lib/action_dispatch/middleware/templates/rescues/routing_error.erb within rescues/layout (50.0ms)


Started POST "/users" for 127.0.0.1 at 2015-03-15 22:54:03 +0530
Connecting to database specified by database.yml
Processing by UsersController#create as HTML
  Parameters: {"user"=>""}
WARNING: Can't verify CSRF token authenticity
  [1m[36m (1.0ms)[0m  [1mbegin transaction[0m
  [1m[35mSQL (154.0ms)[0m  INSERT INTO "users" ("created_at", "updated_at", "video") VALUES (?, ?, ?)  [["created_at", Sun, 15 Mar 2015 17:24:12 UTC +00:00], ["updated_at", Sun, 15 Mar 2015 17:24:12 UTC +00:00], ["video", nil]]
  [1m[36m (127.0ms)[0m  [1mcommit transaction[0m
Completed 200 OK in 1152.1ms (Views: 0.0ms | ActiveRecord: 461.0ms)


Started GET "/67815767-77d5-4248-8966-8c2699f7dc09" for 127.0.0.1 at 2015-03-15 23:12:34 +0530

ActionController::RoutingError (No route matches [GET] "/67815767-77d5-4248-8966-8c2699f7dc09"):
  actionpack (3.2.16) lib/action_dispatch/middleware/debug_exceptions.rb:21:in `call'
  actionpack (3.2.16) lib/action_dispatch/middleware/show_exceptions.rb:56:in `call'
  railties (3.2.16) lib/rails/rack/logger.rb:32:in `call_app'
  railties (3.2.16) lib/rails/rack/logger.rb:16:in `block in call'
  activesupport (3.2.16) lib/active_support/tagged_logging.rb:22:in `tagged'
  railties (3.2.16) lib/rails/rack/logger.rb:16:in `call'
  actionpack (3.2.16) lib/action_dispatch/middleware/request_id.rb:22:in `call'
  rack (1.4.5) lib/rack/methodoverride.rb:21:in `call'
  rack (1.4.5) lib/rack/runtime.rb:17:in `call'
  activesupport (3.2.16) lib/active_support/cache/strategy/local_cache.rb:72:in `call'
  rack (1.4.5) lib/rack/lock.rb:15:in `call'
  actionpack (3.2.16) lib/action_dispatch/middleware/static.rb:63:in `call'
  railties (3.2.16) lib/rails/engine.rb:484:in `call'
  railties (3.2.16) lib/rails/application.rb:231:in `call'
  rack (1.4.5) lib/rack/content_length.rb:14:in `call'
  railties (3.2.16) lib/rails/rack/log_tailer.rb:17:in `call'
  rack (1.4.5) lib/rack/handler/webrick.rb:59:in `service'
  C:/RailsInstaller/Ruby1.9.3/lib/ruby/1.9.1/webrick/httpserver.rb:138:in `service'
  C:/RailsInstaller/Ruby1.9.3/lib/ruby/1.9.1/webrick/httpserver.rb:94:in `run'
  C:/RailsInstaller/Ruby1.9.3/lib/ruby/1.9.1/webrick/server.rb:191:in `block in start_thread'


  Rendered C:/RailsInstaller/Ruby1.9.3/lib/ruby/gems/1.9.1/gems/actionpack-3.2.16/lib/action_dispatch/middleware/templates/rescues/routing_error.erb within rescues/layout (53.0ms)


Started GET "/67815767-77d5-4248-8966-8c2699f7dc09" for 127.0.0.1 at 2015-03-15 23:13:42 +0530

ActionController::RoutingError (No route matches [GET] "/67815767-77d5-4248-8966-8c2699f7dc09"):
  actionpack (3.2.16) lib/action_dispatch/middleware/debug_exceptions.rb:21:in `call'
  actionpack (3.2.16) lib/action_dispatch/middleware/show_exceptions.rb:56:in `call'
  railties (3.2.16) lib/rails/rack/logger.rb:32:in `call_app'
  railties (3.2.16) lib/rails/rack/logger.rb:16:in `block in call'
  activesupport (3.2.16) lib/active_support/tagged_logging.rb:22:in `tagged'
  railties (3.2.16) lib/rails/rack/logger.rb:16:in `call'
  actionpack (3.2.16) lib/action_dispatch/middleware/request_id.rb:22:in `call'
  rack (1.4.5) lib/rack/methodoverride.rb:21:in `call'
  rack (1.4.5) lib/rack/runtime.rb:17:in `call'
  activesupport (3.2.16) lib/active_support/cache/strategy/local_cache.rb:72:in `call'
  rack (1.4.5) lib/rack/lock.rb:15:in `call'
  actionpack (3.2.16) lib/action_dispatch/middleware/static.rb:63:in `call'
  railties (3.2.16) lib/rails/engine.rb:484:in `call'
  railties (3.2.16) lib/rails/application.rb:231:in `call'
  rack (1.4.5) lib/rack/content_length.rb:14:in `call'
  railties (3.2.16) lib/rails/rack/log_tailer.rb:17:in `call'
  rack (1.4.5) lib/rack/handler/webrick.rb:59:in `service'
  C:/RailsInstaller/Ruby1.9.3/lib/ruby/1.9.1/webrick/httpserver.rb:138:in `service'
  C:/RailsInstaller/Ruby1.9.3/lib/ruby/1.9.1/webrick/httpserver.rb:94:in `run'
  C:/RailsInstaller/Ruby1.9.3/lib/ruby/1.9.1/webrick/server.rb:191:in `block in start_thread'


  Rendered C:/RailsInstaller/Ruby1.9.3/lib/ruby/gems/1.9.1/gems/actionpack-3.2.16/lib/action_dispatch/middleware/templates/rescues/routing_error.erb within rescues/layout (3.0ms)


Started POST "/users" for 127.0.0.1 at 2015-03-15 23:58:06 +0530
Processing by UsersController#create as HTML
  Parameters: {"user"=>"blob:http://localhost:3000/d945d031-7870-4390-8647-249aff8f6a7b"}
WARNING: Can't verify CSRF token authenticity
  [1m[35m (2.0ms)[0m  begin transaction
  [1m[36mSQL (3.0ms)[0m  [1mINSERT INTO "users" ("created_at", "updated_at", "video") VALUES (?, ?, ?)[0m  [["created_at", Sun, 15 Mar 2015 18:28:06 UTC +00:00], ["updated_at", Sun, 15 Mar 2015 18:28:06 UTC +00:00], ["video", nil]]
  [1m[35m (125.0ms)[0m  commit transaction
Completed 200 OK in 139.0ms (Views: 0.0ms | ActiveRecord: 130.0ms)


Started POST "/users" for 127.0.0.1 at 2015-03-16 00:01:02 +0530
Connecting to database specified by database.yml
Processing by UsersController#create as HTML
  Parameters: {"user"=>"blob:http://localhost:3000/f2065e85-8424-479c-acc8-c7363b355c0d"}
WARNING: Can't verify CSRF token authenticity
  [1m[36m (0.0ms)[0m  [1mbegin transaction[0m
  [1m[35mSQL (161.0ms)[0m  INSERT INTO "users" ("created_at", "updated_at", "video") VALUES (?, ?, ?)  [["created_at", Sun, 15 Mar 2015 18:31:15 UTC +00:00], ["updated_at", Sun, 15 Mar 2015 18:31:15 UTC +00:00], ["video", nil]]
  [1m[36m (132.0ms)[0m  [1mcommit transaction[0m
Completed 200 OK in 494.0ms (Views: 0.0ms | ActiveRecord: 318.0ms)


Started POST "/users" for 127.0.0.1 at 2015-03-16 00:02:17 +0530
Processing by UsersController#create as HTML
  Parameters: {"user"=>"blob:http://localhost:3000/04e13752-ece9-4f34-86bc-589545308773"}
WARNING: Can't verify CSRF token authenticity
  [1m[35m (37.0ms)[0m  begin transaction
  [1m[36mSQL (5.0ms)[0m  [1mINSERT INTO "users" ("created_at", "updated_at", "video") VALUES (?, ?, ?)[0m  [["created_at", Sun, 15 Mar 2015 18:32:17 UTC +00:00], ["updated_at", Sun, 15 Mar 2015 18:32:17 UTC +00:00], ["video", nil]]
  [1m[35m (729.0ms)[0m  commit transaction
Completed 200 OK in 779.0ms (Views: 0.0ms | ActiveRecord: 771.0ms)


Started POST "/users" for 127.0.0.1 at 2015-03-16 00:04:06 +0530
Processing by UsersController#create as HTML
  Parameters: {"user"=>"blob:http://localhost:3000/68233b10-c68d-4a15-8e14-54578ddd3bb6"}
WARNING: Can't verify CSRF token authenticity
  [1m[36m (0.0ms)[0m  [1mbegin transaction[0m
  [1m[35mSQL (8.0ms)[0m  INSERT INTO "users" ("created_at", "updated_at", "video") VALUES (?, ?, ?)  [["created_at", Sun, 15 Mar 2015 18:34:07 UTC +00:00], ["updated_at", Sun, 15 Mar 2015 18:34:07 UTC +00:00], ["video", nil]]
  [1m[36m (146.0ms)[0m  [1mcommit transaction[0m
Completed 200 OK in 160.0ms (Views: 0.0ms | ActiveRecord: 154.0ms)


Started GET "/gkh" for 127.0.0.1 at 2015-03-16 00:17:14 +0530
Connecting to database specified by database.yml

ActionController::RoutingError (No route matches [GET] "/gkh"):
  actionpack (3.2.16) lib/action_dispatch/middleware/debug_exceptions.rb:21:in `call'
  actionpack (3.2.16) lib/action_dispatch/middleware/show_exceptions.rb:56:in `call'
  railties (3.2.16) lib/rails/rack/logger.rb:32:in `call_app'
  railties (3.2.16) lib/rails/rack/logger.rb:16:in `block in call'
  activesupport (3.2.16) lib/active_support/tagged_logging.rb:22:in `tagged'
  railties (3.2.16) lib/rails/rack/logger.rb:16:in `call'
  actionpack (3.2.16) lib/action_dispatch/middleware/request_id.rb:22:in `call'
  rack (1.4.5) lib/rack/methodoverride.rb:21:in `call'
  rack (1.4.5) lib/rack/runtime.rb:17:in `call'
  activesupport (3.2.16) lib/active_support/cache/strategy/local_cache.rb:72:in `call'
  rack (1.4.5) lib/rack/lock.rb:15:in `call'
  actionpack (3.2.16) lib/action_dispatch/middleware/static.rb:63:in `call'
  railties (3.2.16) lib/rails/engine.rb:484:in `call'
  railties (3.2.16) lib/rails/application.rb:231:in `call'
  rack (1.4.5) lib/rack/content_length.rb:14:in `call'
  railties (3.2.16) lib/rails/rack/log_tailer.rb:17:in `call'
  rack (1.4.5) lib/rack/handler/webrick.rb:59:in `service'
  C:/RailsInstaller/Ruby1.9.3/lib/ruby/1.9.1/webrick/httpserver.rb:138:in `service'
  C:/RailsInstaller/Ruby1.9.3/lib/ruby/1.9.1/webrick/httpserver.rb:94:in `run'
  C:/RailsInstaller/Ruby1.9.3/lib/ruby/1.9.1/webrick/server.rb:191:in `block in start_thread'


  Rendered C:/RailsInstaller/Ruby1.9.3/lib/ruby/gems/1.9.1/gems/actionpack-3.2.16/lib/action_dispatch/middleware/templates/rescues/routing_error.erb within rescues/layout (14.0ms)


Started POST "/users" for 127.0.0.1 at 2015-03-16 01:20:48 +0530
Processing by UsersController#create as HTML
  Parameters: {"user"=>{}}
WARNING: Can't verify CSRF token authenticity
  [1m[36m (0.0ms)[0m  [1mbegin transaction[0m
  [1m[35mSQL (211.0ms)[0m  INSERT INTO "users" ("created_at", "updated_at", "video") VALUES (?, ?, ?)  [["created_at", Sun, 15 Mar 2015 19:50:49 UTC +00:00], ["updated_at", Sun, 15 Mar 2015 19:50:49 UTC +00:00], ["video", nil]]
  [1m[36m (193.0ms)[0m  [1mcommit transaction[0m
Completed 200 OK in 1419.1ms (Views: 0.0ms | ActiveRecord: 428.0ms)


Started POST "/users" for 127.0.0.1 at 2015-03-16 01:34:03 +0530
Processing by UsersController#create as HTML
  Parameters: {"image"=>#<ActionDispatch::Http::UploadedFile:0x2ecdc58 @original_filename="blob", @content_type="video/webm", @headers="Content-Disposition: form-data; name=\"image\"; filename=\"blob\"\r\nContent-Type: video/webm\r\n", @tempfile=#<File:C:/Users/anurag/AppData/Local/Temp/RackMultipart20150316-4328-5kpamw>>}
WARNING: Can't verify CSRF token authenticity
  [1m[35m (0.0ms)[0m  begin transaction
  [1m[36mSQL (3.0ms)[0m  [1mINSERT INTO "users" ("created_at", "updated_at", "video") VALUES (?, ?, ?)[0m  [["created_at", Sun, 15 Mar 2015 20:04:03 UTC +00:00], ["updated_at", Sun, 15 Mar 2015 20:04:03 UTC +00:00], ["video", nil]]
  [1m[35m (155.0ms)[0m  commit transaction
Completed 200 OK in 171.0ms (Views: 1.0ms | ActiveRecord: 158.0ms)


Started POST "/users" for 127.0.0.1 at 2015-03-16 01:42:13 +0530
Processing by UsersController#create as HTML
  Parameters: {"image"=>#<ActionDispatch::Http::UploadedFile:0x27c3d20 @original_filename="blob", @content_type="video/webm", @headers="Content-Disposition: form-data; name=\"image\"; filename=\"blob\"\r\nContent-Type: video/webm\r\n", @tempfile=#<File:C:/Users/anurag/AppData/Local/Temp/RackMultipart20150316-4328-3q1q3x>>}
WARNING: Can't verify CSRF token authenticity
  [1m[36m (0.0ms)[0m  [1mbegin transaction[0m
  [1m[35mSQL (11.0ms)[0m  INSERT INTO "users" ("created_at", "updated_at", "video") VALUES (?, ?, ?)  [["created_at", Sun, 15 Mar 2015 20:12:13 UTC +00:00], ["updated_at", Sun, 15 Mar 2015 20:12:13 UTC +00:00], ["video", nil]]
  [1m[36m (882.0ms)[0m  [1mcommit transaction[0m
Completed 200 OK in 898.1ms (Views: 0.0ms | ActiveRecord: 893.1ms)


Started POST "/users" for 127.0.0.1 at 2015-03-16 01:53:24 +0530
Processing by UsersController#create as HTML
  Parameters: {"user"=>{}}
WARNING: Can't verify CSRF token authenticity
  [1m[35m (0.0ms)[0m  begin transaction
  [1m[36mSQL (10.0ms)[0m  [1mINSERT INTO "users" ("created_at", "updated_at", "video") VALUES (?, ?, ?)[0m  [["created_at", Sun, 15 Mar 2015 20:23:24 UTC +00:00], ["updated_at", Sun, 15 Mar 2015 20:23:24 UTC +00:00], ["video", nil]]
  [1m[35m (289.0ms)[0m  commit transaction
Completed 200 OK in 306.0ms (Views: 1.0ms | ActiveRecord: 299.0ms)


Started POST "/users" for 127.0.0.1 at 2015-03-16 01:54:36 +0530
Processing by UsersController#create as HTML
  Parameters: {"video"=>#<ActionDispatch::Http::UploadedFile:0x28b16e0 @original_filename="blob", @content_type="video/webm", @headers="Content-Disposition: form-data; name=\"video\"; filename=\"blob\"\r\nContent-Type: video/webm\r\n", @tempfile=#<File:C:/Users/anurag/AppData/Local/Temp/RackMultipart20150316-4328-1t3liaa>>}
WARNING: Can't verify CSRF token authenticity
  [1m[36m (0.0ms)[0m  [1mbegin transaction[0m
  [1m[35mSQL (6.0ms)[0m  INSERT INTO "users" ("created_at", "updated_at", "video") VALUES (?, ?, ?)  [["created_at", Sun, 15 Mar 2015 20:24:36 UTC +00:00], ["updated_at", Sun, 15 Mar 2015 20:24:36 UTC +00:00], ["video", nil]]
  [1m[36m (234.0ms)[0m  [1mcommit transaction[0m
Completed 200 OK in 255.0ms (Views: 1.0ms | ActiveRecord: 240.0ms)


Started POST "/users" for 127.0.0.1 at 2015-03-16 02:09:18 +0530
Processing by UsersController#create as HTML
  Parameters: {"video"=>#<ActionDispatch::Http::UploadedFile:0x313c9b0 @original_filename="blob", @content_type="video/webm", @headers="Content-Disposition: form-data; name=\"video\"; filename=\"blob\"\r\nContent-Type: video/webm\r\n", @tempfile=#<File:C:/Users/anurag/AppData/Local/Temp/RackMultipart20150316-4328-rs5bhf>>}
WARNING: Can't verify CSRF token authenticity
  [1m[35m (1.0ms)[0m  begin transaction
  [1m[36mSQL (5.0ms)[0m  [1mINSERT INTO "users" ("created_at", "updated_at", "video") VALUES (?, ?, ?)[0m  [["created_at", Sun, 15 Mar 2015 20:39:19 UTC +00:00], ["updated_at", Sun, 15 Mar 2015 20:39:19 UTC +00:00], ["video", "blob"]]
  [1m[35m (152.0ms)[0m  commit transaction
Completed 200 OK in 1482.1ms (Views: 0.0ms | ActiveRecord: 167.0ms)


Started GET "/users" for 127.0.0.1 at 2015-03-16 02:31:10 +0530
Processing by UsersController#index as HTML
  Rendered users/index.html.erb within layouts/application (128.0ms)
Completed 500 Internal Server Error in 180.0ms

ActionView::Template::Error (undefined method `each' for nil:NilClass):
    3: 
    4: <table>
    5: 
    6: <%=@users.each do |user| %>
    7: 
    8: <td><%=link_to "show", user.video.current_path%></td>
    9: 
  app/views/users/index.html.erb:6:in `_app_views_users_index_html_erb___154834744_24706248'


  Rendered C:/RailsInstaller/Ruby1.9.3/lib/ruby/gems/1.9.1/gems/actionpack-3.2.16/lib/action_dispatch/middleware/templates/rescues/_trace.erb (7.0ms)
  Rendered C:/RailsInstaller/Ruby1.9.3/lib/ruby/gems/1.9.1/gems/actionpack-3.2.16/lib/action_dispatch/middleware/templates/rescues/_request_and_response.erb (21.0ms)
  Rendered C:/RailsInstaller/Ruby1.9.3/lib/ruby/gems/1.9.1/gems/actionpack-3.2.16/lib/action_dispatch/middleware/templates/rescues/template_error.erb within rescues/layout (222.0ms)


Started GET "/users" for 127.0.0.1 at 2015-03-16 02:35:22 +0530
Processing by UsersController#index as HTML
  [1m[36mUser Load (15.0ms)[0m  [1mSELECT "users".* FROM "users" [0m
  Rendered users/index.html.erb within layouts/application (266.0ms)
Warning. Error encountered while saving cache C:/franklyapp2/franklyapp02/tmp/cache/sass/3a2d7b060267e8639499c0e8824e244ef06f2f3c/users.css.scssc: can't dump anonymous class #<Class:0x1b50850>
Compiled users.css  (58ms)  (pid 4328)
Compiled application.css  (293ms)  (pid 4328)
Compiled jquery.js  (12ms)  (pid 4328)
Compiled jquery_ujs.js  (6ms)  (pid 4328)
Compiled users.js  (15ms)  (pid 4328)
Compiled application.js  (1103ms)  (pid 4328)
Completed 200 OK in 2456.1ms (Views: 2399.1ms | ActiveRecord: 33.0ms)


Started GET "/assets/application.js?body=1" for 127.0.0.1 at 2015-03-16 02:35:26 +0530
Served asset /application.js - 200 OK (232ms)


Started GET "/assets/application.css?body=1" for 127.0.0.1 at 2015-03-16 02:35:26 +0530
Served asset /application.css - 200 OK (169ms)


Started GET "/assets/users.css?body=1" for 127.0.0.1 at 2015-03-16 02:35:26 +0530
Served asset /users.css - 200 OK (16ms)


Started GET "/assets/jquery.js?body=1" for 127.0.0.1 at 2015-03-16 02:35:26 +0530
Served asset /jquery.js - 200 OK (154ms)


Started GET "/assets/jquery_ujs.js?body=1" for 127.0.0.1 at 2015-03-16 02:35:27 +0530
Served asset /jquery_ujs.js - 200 OK (195ms)


Started GET "/assets/users.js?body=1" for 127.0.0.1 at 2015-03-16 02:35:27 +0530
Served asset /users.js - 200 OK (113ms)


Started GET "/users" for 127.0.0.1 at 2015-03-16 02:36:34 +0530
Processing by UsersController#index as HTML
  [1m[35mUser Load (5.0ms)[0m  SELECT "users".* FROM "users" 
  Rendered users/index.html.erb within layouts/application (28.0ms)
Completed 200 OK in 104.0ms (Views: 96.0ms | ActiveRecord: 5.0ms)


Started GET "/assets/application.css?body=1" for 127.0.0.1 at 2015-03-16 02:36:34 +0530
Served asset /application.css - 304 Not Modified (1ms)


Started GET "/assets/users.css?body=1" for 127.0.0.1 at 2015-03-16 02:36:34 +0530
Served asset /users.css - 304 Not Modified (1ms)


Started GET "/assets/jquery.js?body=1" for 127.0.0.1 at 2015-03-16 02:36:35 +0530
Served asset /jquery.js - 304 Not Modified (0ms)


Started GET "/assets/jquery_ujs.js?body=1" for 127.0.0.1 at 2015-03-16 02:36:35 +0530
Served asset /jquery_ujs.js - 304 Not Modified (0ms)


Started GET "/assets/users.js?body=1" for 127.0.0.1 at 2015-03-16 02:36:35 +0530
Served asset /users.js - 304 Not Modified (0ms)


Started GET "/assets/application.js?body=1" for 127.0.0.1 at 2015-03-16 02:36:35 +0530
Served asset /application.js - 304 Not Modified (6ms)


Started GET "/users" for 127.0.0.1 at 2015-03-16 02:38:47 +0530
Processing by UsersController#index as HTML
  [1m[36mUser Load (1.0ms)[0m  [1mSELECT "users".* FROM "users" [0m
  Rendered users/index.html.erb within layouts/application (31.0ms)
Completed 200 OK in 382.0ms (Views: 375.0ms | ActiveRecord: 1.0ms)


Started GET "/assets/application.js?body=1" for 127.0.0.1 at 2015-03-16 02:38:48 +0530
Served asset /application.js - 304 Not Modified (7ms)


Started GET "/assets/application.css?body=1" for 127.0.0.1 at 2015-03-16 02:38:48 +0530
Served asset /application.css - 304 Not Modified (2ms)


Started GET "/assets/users.css?body=1" for 127.0.0.1 at 2015-03-16 02:38:48 +0530
Served asset /users.css - 304 Not Modified (2ms)


Started GET "/assets/jquery.js?body=1" for 127.0.0.1 at 2015-03-16 02:38:48 +0530
Served asset /jquery.js - 304 Not Modified (0ms)


Started GET "/assets/jquery_ujs.js?body=1" for 127.0.0.1 at 2015-03-16 02:38:48 +0530
Served asset /jquery_ujs.js - 304 Not Modified (3ms)


Started GET "/assets/users.js?body=1" for 127.0.0.1 at 2015-03-16 02:38:48 +0530
Served asset /users.js - 304 Not Modified (0ms)
Connecting to database specified by database.yml
Connecting to database specified by database.yml
  [1m[36m (1.0ms)[0m  [1mSELECT "schema_migrations"."version" FROM "schema_migrations" [0m
Migrating to CreateUsers (20150314205032)
Migrating to AddVideoToUsers (20150314205402)
Migrating to AddTitleToUsers (20150315211706)
  [1m[35m (29.0ms)[0m  select sqlite_version(*)
  [1m[36m (1.0ms)[0m  [1mbegin transaction[0m
  [1m[35m (5292.3ms)[0m  ALTER TABLE "users" ADD "title" varchar(255)
SQLite3::BusyException: database is locked: ALTER TABLE "users" ADD "title" varchar(255)
  [1m[36m (0.0ms)[0m  [1mrollback transaction[0m
Connecting to database specified by database.yml
  [1m[36m (1.0ms)[0m  [1mSELECT "schema_migrations"."version" FROM "schema_migrations" [0m
Migrating to CreateUsers (20150314205032)
Migrating to AddVideoToUsers (20150314205402)
Migrating to AddTitleToUsers (20150315211706)
  [1m[35m (0.0ms)[0m  select sqlite_version(*)
  [1m[36m (0.0ms)[0m  [1mbegin transaction[0m
  [1m[35m (2.0ms)[0m  ALTER TABLE "users" ADD "title" varchar(255)
  [1m[36m (0.0ms)[0m  [1mINSERT INTO "schema_migrations" ("version") VALUES ('20150315211706')[0m
  [1m[35m (184.0ms)[0m  commit transaction
  [1m[36m (1.0ms)[0m  [1mSELECT "schema_migrations"."version" FROM "schema_migrations" [0m


Started POST "/users" for 127.0.0.1 at 2015-03-16 03:11:33 +0530
Connecting to database specified by database.yml
Processing by UsersController#create as HTML
  Parameters: {"video"=>#<ActionDispatch::Http::UploadedFile:0x48195c0 @original_filename="blob", @content_type="video/webm", @headers="Content-Disposition: form-data; name=\"video\"; filename=\"blob\"\r\nContent-Type: video/webm\r\n", @tempfile=#<File:C:/Users/anurag/AppData/Local/Temp/RackMultipart20150316-5736-ky6qa4>>, "user"=>"Anurag Video1"}
WARNING: Can't verify CSRF token authenticity
  [1m[36m (0.0ms)[0m  [1mbegin transaction[0m
  [1m[35mSQL (22.0ms)[0m  INSERT INTO "users" ("created_at", "title", "updated_at", "video") VALUES (?, ?, ?, ?)  [["created_at", Sun, 15 Mar 2015 21:41:36 UTC +00:00], ["title", "Anurag Video1"], ["updated_at", Sun, 15 Mar 2015 21:41:36 UTC +00:00], ["video", "blob"]]
  [1m[36m (265.0ms)[0m  [1mcommit transaction[0m
Completed 200 OK in 745.0ms (Views: 0.0ms | ActiveRecord: 320.0ms)


Started GET "/users" for 127.0.0.1 at 2015-03-16 03:12:34 +0530
Processing by UsersController#index as HTML
  [1m[35mUser Load (1.0ms)[0m  SELECT "users".* FROM "users" 
  Rendered users/index.html.erb within layouts/application (41.0ms)
Completed 200 OK in 732.0ms (Views: 721.0ms | ActiveRecord: 1.0ms)


Started GET "/assets/application.css?body=1" for 127.0.0.1 at 2015-03-16 03:12:36 +0530
Served asset /application.css - 304 Not Modified (18ms)


Started GET "/assets/users.css?body=1" for 127.0.0.1 at 2015-03-16 03:12:36 +0530
Served asset /users.css - 304 Not Modified (13ms)


Started GET "/assets/jquery.js?body=1" for 127.0.0.1 at 2015-03-16 03:12:36 +0530
Served asset /jquery.js - 304 Not Modified (432ms)


Started GET "/assets/jquery_ujs.js?body=1" for 127.0.0.1 at 2015-03-16 03:12:37 +0530
Served asset /jquery_ujs.js - 304 Not Modified (24ms)


Started GET "/assets/users.js?body=1" for 127.0.0.1 at 2015-03-16 03:12:37 +0530
Served asset /users.js - 304 Not Modified (9ms)


Started GET "/assets/application.js?body=1" for 127.0.0.1 at 2015-03-16 03:12:37 +0530
Served asset /application.js - 304 Not Modified (195ms)


Started GET "/users" for 127.0.0.1 at 2015-03-16 03:13:24 +0530
Processing by UsersController#index as HTML
  [1m[36mUser Load (1.0ms)[0m  [1mSELECT "users".* FROM "users" [0m
  Rendered users/index.html.erb within layouts/application (10.0ms)
Completed 200 OK in 88.0ms (Views: 81.0ms | ActiveRecord: 1.0ms)


Started GET "/assets/application.css?body=1" for 127.0.0.1 at 2015-03-16 03:13:24 +0530
Served asset /application.css - 304 Not Modified (4ms)


Started GET "/assets/users.css?body=1" for 127.0.0.1 at 2015-03-16 03:13:25 +0530
Served asset /users.css - 304 Not Modified (2ms)


Started GET "/assets/jquery.js?body=1" for 127.0.0.1 at 2015-03-16 03:13:25 +0530
Served asset /jquery.js - 304 Not Modified (0ms)


Started GET "/assets/jquery_ujs.js?body=1" for 127.0.0.1 at 2015-03-16 03:13:25 +0530
Served asset /jquery_ujs.js - 304 Not Modified (0ms)


Started GET "/assets/users.js?body=1" for 127.0.0.1 at 2015-03-16 03:13:25 +0530
Served asset /users.js - 304 Not Modified (1ms)


Started GET "/assets/application.js?body=1" for 127.0.0.1 at 2015-03-16 03:13:25 +0530
Served asset /application.js - 304 Not Modified (2ms)


Started GET "/users" for 127.0.0.1 at 2015-03-16 03:39:50 +0530
Processing by UsersController#index as HTML
  [1m[35mUser Load (1.0ms)[0m  SELECT "users".* FROM "users" 
  Rendered users/index.html.erb within layouts/application (6.0ms)
Completed 200 OK in 39.0ms (Views: 36.0ms | ActiveRecord: 1.0ms)


Started GET "/assets/application.css?body=1" for 127.0.0.1 at 2015-03-16 03:39:51 +0530
Served asset /application.css - 304 Not Modified (1ms)


Started GET "/assets/users.css?body=1" for 127.0.0.1 at 2015-03-16 03:39:51 +0530
Served asset /users.css - 304 Not Modified (0ms)


Started GET "/assets/jquery.js?body=1" for 127.0.0.1 at 2015-03-16 03:39:51 +0530
Served asset /jquery.js - 304 Not Modified (3ms)


Started GET "/assets/jquery_ujs.js?body=1" for 127.0.0.1 at 2015-03-16 03:39:51 +0530
Served asset /jquery_ujs.js - 304 Not Modified (2ms)


Started GET "/assets/users.js?body=1" for 127.0.0.1 at 2015-03-16 03:39:51 +0530
Served asset /users.js - 304 Not Modified (0ms)


Started GET "/assets/application.js?body=1" for 127.0.0.1 at 2015-03-16 03:39:51 +0530
Served asset /application.js - 304 Not Modified (6ms)


Started GET "/users" for 127.0.0.1 at 2015-03-16 03:40:49 +0530
Processing by UsersController#index as HTML
  [1m[36mUser Load (1.0ms)[0m  [1mSELECT "users".* FROM "users" [0m
  Rendered users/index.html.erb within layouts/application (6.0ms)
Completed 200 OK in 40.0ms (Views: 38.0ms | ActiveRecord: 1.0ms)


Started GET "/assets/application.css?body=1" for 127.0.0.1 at 2015-03-16 03:40:49 +0530
Served asset /application.css - 304 Not Modified (2ms)


Started GET "/assets/users.css?body=1" for 127.0.0.1 at 2015-03-16 03:40:49 +0530
Served asset /users.css - 304 Not Modified (0ms)


Started GET "/assets/jquery.js?body=1" for 127.0.0.1 at 2015-03-16 03:40:49 +0530
Served asset /jquery.js - 304 Not Modified (2ms)


Started GET "/assets/jquery_ujs.js?body=1" for 127.0.0.1 at 2015-03-16 03:40:49 +0530
Served asset /jquery_ujs.js - 304 Not Modified (3ms)


Started GET "/assets/users.js?body=1" for 127.0.0.1 at 2015-03-16 03:40:49 +0530
Served asset /users.js - 304 Not Modified (0ms)


Started GET "/assets/application.js?body=1" for 127.0.0.1 at 2015-03-16 03:40:49 +0530
Served asset /application.js - 304 Not Modified (10ms)


Started GET "/users" for 127.0.0.1 at 2015-03-16 03:42:53 +0530
Processing by UsersController#index as HTML
  [1m[35mUser Load (7.0ms)[0m  SELECT "users".* FROM "users" 
  Rendered users/index.html.erb within layouts/application (6.0ms)
Completed 200 OK in 44.0ms (Views: 35.0ms | ActiveRecord: 7.0ms)


Started GET "/assets/application.css?body=1" for 127.0.0.1 at 2015-03-16 03:42:54 +0530
Served asset /application.css - 304 Not Modified (2ms)


Started GET "/assets/users.css?body=1" for 127.0.0.1 at 2015-03-16 03:42:54 +0530
Served asset /users.css - 304 Not Modified (0ms)


Started GET "/assets/jquery.js?body=1" for 127.0.0.1 at 2015-03-16 03:42:54 +0530
Served asset /jquery.js - 304 Not Modified (1ms)


Started GET "/assets/jquery_ujs.js?body=1" for 127.0.0.1 at 2015-03-16 03:42:54 +0530
Served asset /jquery_ujs.js - 304 Not Modified (2ms)


Started GET "/assets/users.js?body=1" for 127.0.0.1 at 2015-03-16 03:42:54 +0530
Served asset /users.js - 304 Not Modified (0ms)


Started GET "/assets/application.js?body=1" for 127.0.0.1 at 2015-03-16 03:42:54 +0530
Served asset /application.js - 304 Not Modified (10ms)


Started GET "/users" for 127.0.0.1 at 2015-03-16 03:43:44 +0530
Processing by UsersController#index as HTML
  [1m[36mUser Load (1.0ms)[0m  [1mSELECT "users".* FROM "users" [0m
  Rendered users/index.html.erb within layouts/application (10.0ms)
Completed 200 OK in 39.0ms (Views: 36.0ms | ActiveRecord: 1.0ms)


Started GET "/assets/application.js?body=1" for 127.0.0.1 at 2015-03-16 03:43:45 +0530
Served asset /application.js - 304 Not Modified (8ms)


Started GET "/assets/application.css?body=1" for 127.0.0.1 at 2015-03-16 03:43:45 +0530
Served asset /application.css - 304 Not Modified (2ms)


Started GET "/assets/users.css?body=1" for 127.0.0.1 at 2015-03-16 03:43:45 +0530
Served asset /users.css - 304 Not Modified (0ms)


Started GET "/assets/jquery.js?body=1" for 127.0.0.1 at 2015-03-16 03:43:45 +0530
Served asset /jquery.js - 304 Not Modified (2ms)


Started GET "/assets/jquery_ujs.js?body=1" for 127.0.0.1 at 2015-03-16 03:43:45 +0530
Served asset /jquery_ujs.js - 304 Not Modified (3ms)


Started GET "/assets/users.js?body=1" for 127.0.0.1 at 2015-03-16 03:43:45 +0530
Served asset /users.js - 304 Not Modified (0ms)


Started GET "/users" for 127.0.0.1 at 2015-03-16 03:44:15 +0530
Processing by UsersController#index as HTML
  [1m[35mUser Load (1.0ms)[0m  SELECT "users".* FROM "users" 
  Rendered users/index.html.erb within layouts/application (6.0ms)
Completed 200 OK in 37.0ms (Views: 33.0ms | ActiveRecord: 1.0ms)


Started GET "/assets/application.js?body=1" for 127.0.0.1 at 2015-03-16 03:44:16 +0530
Served asset /application.js - 304 Not Modified (12ms)


Started GET "/assets/application.css?body=1" for 127.0.0.1 at 2015-03-16 03:44:16 +0530
Served asset /application.css - 304 Not Modified (4ms)


Started GET "/assets/users.css?body=1" for 127.0.0.1 at 2015-03-16 03:44:16 +0530
Served asset /users.css - 304 Not Modified (0ms)


Started GET "/assets/jquery.js?body=1" for 127.0.0.1 at 2015-03-16 03:44:16 +0530
Served asset /jquery.js - 304 Not Modified (2ms)


Started GET "/assets/jquery_ujs.js?body=1" for 127.0.0.1 at 2015-03-16 03:44:16 +0530
Served asset /jquery_ujs.js - 304 Not Modified (2ms)


Started GET "/assets/users.js?body=1" for 127.0.0.1 at 2015-03-16 03:44:16 +0530
Served asset /users.js - 304 Not Modified (0ms)


Started GET "/users" for 127.0.0.1 at 2015-03-16 03:44:46 +0530
Processing by UsersController#index as HTML
  [1m[36mUser Load (1.0ms)[0m  [1mSELECT "users".* FROM "users" [0m
  Rendered users/index.html.erb within layouts/application (7.0ms)
Completed 200 OK in 40.0ms (Views: 37.0ms | ActiveRecord: 1.0ms)


Started GET "/assets/application.css?body=1" for 127.0.0.1 at 2015-03-16 03:44:47 +0530
Served asset /application.css - 304 Not Modified (6ms)


Started GET "/assets/users.css?body=1" for 127.0.0.1 at 2015-03-16 03:44:47 +0530
Served asset /users.css - 304 Not Modified (1ms)


Started GET "/assets/jquery.js?body=1" for 127.0.0.1 at 2015-03-16 03:44:47 +0530
Served asset /jquery.js - 304 Not Modified (3ms)


Started GET "/assets/jquery_ujs.js?body=1" for 127.0.0.1 at 2015-03-16 03:44:47 +0530
Served asset /jquery_ujs.js - 304 Not Modified (5ms)


Started GET "/assets/users.js?body=1" for 127.0.0.1 at 2015-03-16 03:44:47 +0530
Served asset /users.js - 304 Not Modified (0ms)


Started GET "/assets/application.js?body=1" for 127.0.0.1 at 2015-03-16 03:44:47 +0530
Served asset /application.js - 304 Not Modified (6ms)


Started GET "/users" for 127.0.0.1 at 2015-03-16 03:45:14 +0530
Processing by UsersController#index as HTML
  [1m[35mUser Load (3.0ms)[0m  SELECT "users".* FROM "users" 
  Rendered users/index.html.erb within layouts/application (6.0ms)
Completed 200 OK in 39.0ms (Views: 34.0ms | ActiveRecord: 3.0ms)


Started GET "/assets/application.css?body=1" for 127.0.0.1 at 2015-03-16 03:45:14 +0530
Served asset /application.css - 304 Not Modified (2ms)


Started GET "/assets/users.css?body=1" for 127.0.0.1 at 2015-03-16 03:45:15 +0530
Served asset /users.css - 304 Not Modified (0ms)


Started GET "/assets/jquery.js?body=1" for 127.0.0.1 at 2015-03-16 03:45:15 +0530
Served asset /jquery.js - 304 Not Modified (2ms)


Started GET "/assets/jquery_ujs.js?body=1" for 127.0.0.1 at 2015-03-16 03:45:15 +0530
Served asset /jquery_ujs.js - 304 Not Modified (2ms)


Started GET "/assets/users.js?body=1" for 127.0.0.1 at 2015-03-16 03:45:15 +0530
Served asset /users.js - 304 Not Modified (0ms)


Started GET "/assets/application.js?body=1" for 127.0.0.1 at 2015-03-16 03:45:15 +0530
Served asset /application.js - 304 Not Modified (12ms)


Started GET "/users" for 127.0.0.1 at 2015-03-16 03:47:49 +0530
Processing by UsersController#index as HTML
  [1m[36mUser Load (1.0ms)[0m  [1mSELECT "users".* FROM "users" [0m
  Rendered users/index.html.erb within layouts/application (6.0ms)
Completed 200 OK in 35.0ms (Views: 32.0ms | ActiveRecord: 1.0ms)


Started GET "/assets/application.css?body=1" for 127.0.0.1 at 2015-03-16 03:47:50 +0530
Served asset /application.css - 304 Not Modified (1ms)


Started GET "/assets/users.css?body=1" for 127.0.0.1 at 2015-03-16 03:47:50 +0530
Served asset /users.css - 304 Not Modified (0ms)


Started GET "/assets/jquery.js?body=1" for 127.0.0.1 at 2015-03-16 03:47:50 +0530
Served asset /jquery.js - 304 Not Modified (3ms)


Started GET "/assets/jquery_ujs.js?body=1" for 127.0.0.1 at 2015-03-16 03:47:50 +0530
Served asset /jquery_ujs.js - 304 Not Modified (3ms)


Started GET "/assets/users.js?body=1" for 127.0.0.1 at 2015-03-16 03:47:50 +0530
Served asset /users.js - 304 Not Modified (0ms)


Started GET "/assets/application.js?body=1" for 127.0.0.1 at 2015-03-16 03:47:50 +0530
Served asset /application.js - 304 Not Modified (6ms)


Started GET "/users" for 127.0.0.1 at 2015-03-16 03:51:35 +0530
Processing by UsersController#index as HTML
  [1m[35mUser Load (1.0ms)[0m  SELECT "users".* FROM "users" 
  Rendered users/index.html.erb within layouts/application (5.0ms)
Completed 200 OK in 62.0ms (Views: 59.0ms | ActiveRecord: 1.0ms)


Started GET "/assets/users.css?body=1" for 127.0.0.1 at 2015-03-16 03:51:36 +0530
Served asset /users.css - 200 OK (0ms)


Started GET "/assets/application.css?body=1" for 127.0.0.1 at 2015-03-16 03:51:36 +0530
Served asset /application.css - 304 Not Modified (0ms)


Started GET "/assets/jquery.js?body=1" for 127.0.0.1 at 2015-03-16 03:51:36 +0530
Served asset /jquery.js - 304 Not Modified (2ms)


Started GET "/assets/jquery_ujs.js?body=1" for 127.0.0.1 at 2015-03-16 03:51:36 +0530
Served asset /jquery_ujs.js - 304 Not Modified (2ms)


Started GET "/assets/users.js?body=1" for 127.0.0.1 at 2015-03-16 03:51:37 +0530
Served asset /users.js - 200 OK (2ms)


Started GET "/assets/application.js?body=1" for 127.0.0.1 at 2015-03-16 03:51:37 +0530
Served asset /application.js - 304 Not Modified (5ms)


Started GET "/users" for 127.0.0.1 at 2015-03-16 03:58:41 +0530
Processing by UsersController#index as HTML
  [1m[36mUser Load (2.0ms)[0m  [1mSELECT "users".* FROM "users" [0m
  Rendered users/index.html.erb within layouts/application (23.0ms)
Completed 200 OK in 78.0ms (Views: 76.0ms | ActiveRecord: 2.0ms)


Started GET "/assets/application.css?body=1" for 127.0.0.1 at 2015-03-16 03:58:42 +0530
Served asset /application.css - 304 Not Modified (0ms)


Started GET "/assets/users.css?body=1" for 127.0.0.1 at 2015-03-16 03:58:42 +0530
Served asset /users.css - 304 Not Modified (1ms)


Started GET "/assets/jquery.js?body=1" for 127.0.0.1 at 2015-03-16 03:58:42 +0530
Served asset /jquery.js - 304 Not Modified (3ms)


Started GET "/assets/jquery_ujs.js?body=1" for 127.0.0.1 at 2015-03-16 03:58:42 +0530
Served asset /jquery_ujs.js - 304 Not Modified (2ms)


Started GET "/assets/users.js?body=1" for 127.0.0.1 at 2015-03-16 03:58:42 +0530
Served asset /users.js - 304 Not Modified (1ms)


Started GET "/assets/application.js?body=1" for 127.0.0.1 at 2015-03-16 03:58:42 +0530
Served asset /application.js - 304 Not Modified (5ms)


Started GET "/users" for 127.0.0.1 at 2015-03-16 04:00:37 +0530
Processing by UsersController#index as HTML
  [1m[35mUser Load (1.0ms)[0m  SELECT "users".* FROM "users" 
  Rendered users/index.html.erb within layouts/application (20.0ms)
Completed 200 OK in 132.0ms (Views: 130.0ms | ActiveRecord: 1.0ms)


Started GET "/assets/application.css?body=1" for 127.0.0.1 at 2015-03-16 04:00:37 +0530
Served asset /application.css - 304 Not Modified (0ms)


Started GET "/assets/users.css?body=1" for 127.0.0.1 at 2015-03-16 04:00:37 +0530
Served asset /users.css - 304 Not Modified (1ms)


Started GET "/assets/jquery.js?body=1" for 127.0.0.1 at 2015-03-16 04:00:38 +0530
Served asset /jquery.js - 304 Not Modified (2ms)


Started GET "/assets/jquery_ujs.js?body=1" for 127.0.0.1 at 2015-03-16 04:00:38 +0530
Served asset /jquery_ujs.js - 304 Not Modified (1ms)


Started GET "/assets/users.js?body=1" for 127.0.0.1 at 2015-03-16 04:00:38 +0530
Served asset /users.js - 304 Not Modified (0ms)


Started GET "/assets/application.js?body=1" for 127.0.0.1 at 2015-03-16 04:00:38 +0530
Served asset /application.js - 304 Not Modified (6ms)


Started GET "/users" for 127.0.0.1 at 2015-03-16 04:02:46 +0530
Processing by UsersController#index as HTML
  [1m[36mUser Load (1.0ms)[0m  [1mSELECT "users".* FROM "users" [0m
  Rendered users/index.html.erb within layouts/application (30.0ms)
Completed 200 OK in 87.0ms (Views: 84.0ms | ActiveRecord: 1.0ms)


Started GET "/assets/application.css?body=1" for 127.0.0.1 at 2015-03-16 04:02:46 +0530
Served asset /application.css - 304 Not Modified (2ms)


Started GET "/assets/users.css?body=1" for 127.0.0.1 at 2015-03-16 04:02:46 +0530
Served asset /users.css - 304 Not Modified (0ms)


Started GET "/assets/jquery.js?body=1" for 127.0.0.1 at 2015-03-16 04:02:46 +0530
Served asset /jquery.js - 304 Not Modified (2ms)


Started GET "/assets/jquery_ujs.js?body=1" for 127.0.0.1 at 2015-03-16 04:02:46 +0530
Served asset /jquery_ujs.js - 304 Not Modified (2ms)


Started GET "/assets/users.js?body=1" for 127.0.0.1 at 2015-03-16 04:02:47 +0530
Served asset /users.js - 304 Not Modified (0ms)


Started GET "/assets/application.js?body=1" for 127.0.0.1 at 2015-03-16 04:02:47 +0530
Served asset /application.js - 304 Not Modified (5ms)


Started GET "/users" for 127.0.0.1 at 2015-03-16 04:04:07 +0530
Processing by UsersController#index as HTML
  [1m[35mUser Load (1.0ms)[0m  SELECT "users".* FROM "users" 
  Rendered users/index.html.erb within layouts/application (16.0ms)
Completed 200 OK in 54.0ms (Views: 51.0ms | ActiveRecord: 1.0ms)


Started GET "/assets/application.css?body=1" for 127.0.0.1 at 2015-03-16 04:04:08 +0530
Served asset /application.css - 304 Not Modified (2ms)


Started GET "/assets/jquery.js?body=1" for 127.0.0.1 at 2015-03-16 04:04:08 +0530
Served asset /jquery.js - 304 Not Modified (2ms)


Started GET "/assets/users.css?body=1" for 127.0.0.1 at 2015-03-16 04:04:08 +0530
Served asset /users.css - 304 Not Modified (0ms)


Started GET "/assets/jquery_ujs.js?body=1" for 127.0.0.1 at 2015-03-16 04:04:08 +0530
Served asset /jquery_ujs.js - 304 Not Modified (1ms)


Started GET "/assets/users.js?body=1" for 127.0.0.1 at 2015-03-16 04:04:08 +0530
Served asset /users.js - 304 Not Modified (1ms)


Started GET "/assets/application.js?body=1" for 127.0.0.1 at 2015-03-16 04:04:08 +0530
Served asset /application.js - 304 Not Modified (4ms)


Started POST "/users" for 127.0.0.1 at 2015-03-16 16:11:30 +0530
Connecting to database specified by database.yml
Processing by UsersController#create as HTML
  Parameters: {"video"=>#<ActionDispatch::Http::UploadedFile:0x4c11ea0 @original_filename="blob", @content_type="video/webm", @headers="Content-Disposition: form-data; name=\"video\"; filename=\"blob\"\r\nContent-Type: video/webm\r\n", @tempfile=#<File:C:/Users/anurag/AppData/Local/Temp/RackMultipart20150316-6068-fs4gks>>, "user"=>"Anurag Video"}
WARNING: Can't verify CSRF token authenticity
  [1m[36m (0.0ms)[0m  [1mbegin transaction[0m
  [1m[35mSQL (83.0ms)[0m  INSERT INTO "users" ("created_at", "title", "updated_at", "video") VALUES (?, ?, ?, ?)  [["created_at", Mon, 16 Mar 2015 10:41:34 UTC +00:00], ["title", "Anurag Video"], ["updated_at", Mon, 16 Mar 2015 10:41:34 UTC +00:00], ["video", "blob"]]
  [1m[36m (122.0ms)[0m  [1mcommit transaction[0m
Completed 200 OK in 942.1ms (Views: 0.0ms | ActiveRecord: 232.0ms)


Started GET "/users" for 127.0.0.1 at 2015-03-16 16:11:51 +0530
Processing by UsersController#index as HTML
  [1m[35mUser Load (2.0ms)[0m  SELECT "users".* FROM "users" 
  Rendered users/index.html.erb within layouts/application (120.0ms)
Completed 200 OK in 723.0ms (Views: 716.0ms | ActiveRecord: 2.0ms)


Started GET "/assets/application.css?body=1" for 127.0.0.1 at 2015-03-16 16:11:52 +0530
Served asset /application.css - 200 OK (148ms)


Started GET "/assets/users.css?body=1" for 127.0.0.1 at 2015-03-16 16:11:53 +0530
Served asset /users.css - 200 OK (38ms)


Started GET "/assets/jquery.js?body=1" for 127.0.0.1 at 2015-03-16 16:11:53 +0530
Served asset /jquery.js - 200 OK (49ms)


Started GET "/assets/jquery_ujs.js?body=1" for 127.0.0.1 at 2015-03-16 16:11:53 +0530
Served asset /jquery_ujs.js - 200 OK (43ms)


Started GET "/assets/users.js?body=1" for 127.0.0.1 at 2015-03-16 16:11:53 +0530
Served asset /users.js - 200 OK (78ms)


Started GET "/assets/application.js?body=1" for 127.0.0.1 at 2015-03-16 16:11:54 +0530
Served asset /application.js - 200 OK (436ms)


Started POST "/users" for 127.0.0.1 at 2015-03-16 16:15:58 +0530
Processing by UsersController#create as HTML
  Parameters: {"video"=>#<ActionDispatch::Http::UploadedFile:0x1b32808 @original_filename="blob", @content_type="video/webm", @headers="Content-Disposition: form-data; name=\"video\"; filename=\"blob\"\r\nContent-Type: video/webm\r\n", @tempfile=#<File:C:/Users/anurag/AppData/Local/Temp/RackMultipart20150316-6068-1qa390>>, "user"=>"Anurag Video"}
WARNING: Can't verify CSRF token authenticity
  [1m[36m (0.0ms)[0m  [1mbegin transaction[0m
  [1m[35mSQL (7.0ms)[0m  INSERT INTO "users" ("created_at", "title", "updated_at", "video") VALUES (?, ?, ?, ?)  [["created_at", Mon, 16 Mar 2015 10:45:58 UTC +00:00], ["title", "Anurag Video"], ["updated_at", Mon, 16 Mar 2015 10:45:58 UTC +00:00], ["video", "blob"]]
  [1m[36m (219.0ms)[0m  [1mcommit transaction[0m
Completed 200 OK in 531.0ms (Views: 1.0ms | ActiveRecord: 226.0ms)


Started GET "/users" for 127.0.0.1 at 2015-03-16 16:16:09 +0530
Processing by UsersController#index as HTML
  [1m[35mUser Load (4.0ms)[0m  SELECT "users".* FROM "users" 
  Rendered users/index.html.erb within layouts/application (66.0ms)
Completed 200 OK in 122.0ms (Views: 115.0ms | ActiveRecord: 4.0ms)


Started GET "/assets/application.js?body=1" for 127.0.0.1 at 2015-03-16 16:16:10 +0530
Served asset /application.js - 304 Not Modified (1ms)


Started GET "/assets/application.css?body=1" for 127.0.0.1 at 2015-03-16 16:16:10 +0530
Served asset /application.css - 304 Not Modified (5ms)


Started GET "/assets/users.css?body=1" for 127.0.0.1 at 2015-03-16 16:16:10 +0530
Served asset /users.css - 304 Not Modified (0ms)


Started GET "/assets/jquery.js?body=1" for 127.0.0.1 at 2015-03-16 16:16:10 +0530
Served asset /jquery.js - 304 Not Modified (0ms)


Started GET "/assets/jquery_ujs.js?body=1" for 127.0.0.1 at 2015-03-16 16:16:10 +0530
Served asset /jquery_ujs.js - 304 Not Modified (1ms)


Started GET "/assets/users.js?body=1" for 127.0.0.1 at 2015-03-16 16:16:10 +0530
Served asset /users.js - 304 Not Modified (0ms)


Started POST "/users" for 127.0.0.1 at 2015-03-19 13:29:27 +0530
Connecting to database specified by database.yml
Processing by UsersController#create as HTML
  Parameters: {"video"=>#<ActionDispatch::Http::UploadedFile:0x2841a98 @original_filename="blob", @content_type="video/webm", @headers="Content-Disposition: form-data; name=\"video\"; filename=\"blob\"\r\nContent-Type: video/webm\r\n", @tempfile=#<File:C:/Users/anurag/AppData/Local/Temp/RackMultipart20150319-2984-y6ymtw>>, "user"=>"Anurag Video"}
WARNING: Can't verify CSRF token authenticity
  [1m[36m (0.0ms)[0m  [1mbegin transaction[0m
  [1m[35mSQL (63.0ms)[0m  INSERT INTO "users" ("created_at", "title", "updated_at", "video") VALUES (?, ?, ?, ?)  [["created_at", Thu, 19 Mar 2015 07:59:32 UTC +00:00], ["title", "Anurag Video"], ["updated_at", Thu, 19 Mar 2015 07:59:32 UTC +00:00], ["video", "blob"]]
  [1m[36m (296.0ms)[0m  [1mcommit transaction[0m
Completed 200 OK in 1119.1ms (Views: 0.0ms | ActiveRecord: 408.0ms)


Started POST "/users" for 127.0.0.1 at 2015-03-19 13:29:33 +0530
Processing by UsersController#create as HTML
  Parameters: {"video"=>#<ActionDispatch::Http::UploadedFile:0x1c92a68 @original_filename="blob", @content_type="video/webm", @headers="Content-Disposition: form-data; name=\"video\"; filename=\"blob\"\r\nContent-Type: video/webm\r\n", @tempfile=#<File:C:/Users/anurag/AppData/Local/Temp/RackMultipart20150319-2984-1vztvi8>>, "user"=>"Anurag Video"}
WARNING: Can't verify CSRF token authenticity
  [1m[35m (0.0ms)[0m  begin transaction
  [1m[36mSQL (6.0ms)[0m  [1mINSERT INTO "users" ("created_at", "title", "updated_at", "video") VALUES (?, ?, ?, ?)[0m  [["created_at", Thu, 19 Mar 2015 07:59:33 UTC +00:00], ["title", "Anurag Video"], ["updated_at", Thu, 19 Mar 2015 07:59:33 UTC +00:00], ["video", "blob"]]
  [1m[35m (113.0ms)[0m  commit transaction
Completed 200 OK in 781.0ms (Views: 0.0ms | ActiveRecord: 119.0ms)


Started POST "/users" for 127.0.0.1 at 2015-03-19 14:18:38 +0530
Connecting to database specified by database.yml
Processing by UsersController#create as HTML
  Parameters: {"video"=>#<ActionDispatch::Http::UploadedFile:0x4e37260 @original_filename="blob", @content_type="video/webm", @headers="Content-Disposition: form-data; name=\"video\"; filename=\"blob\"\r\nContent-Type: video/webm\r\n", @tempfile=#<File:C:/Users/anurag/AppData/Local/Temp/RackMultipart20150319-3716-11zwqp6>>, "user"=>"Anurag Video"}
WARNING: Can't verify CSRF token authenticity
  [1m[36m (0.0ms)[0m  [1mbegin transaction[0m
  [1m[35mSQL (25.0ms)[0m  INSERT INTO "users" ("created_at", "title", "updated_at", "video") VALUES (?, ?, ?, ?)  [["created_at", Thu, 19 Mar 2015 08:48:43 UTC +00:00], ["title", "Anurag Video"], ["updated_at", Thu, 19 Mar 2015 08:48:43 UTC +00:00], ["video", "blob"]]
  [1m[36m (110.0ms)[0m  [1mcommit transaction[0m
Completed 200 OK in 949.1ms (Views: 0.0ms | ActiveRecord: 153.0ms)


Started POST "/users" for 127.0.0.1 at 2015-03-19 14:52:34 +0530
Connecting to database specified by database.yml
Processing by UsersController#create as HTML
  Parameters: {"video"=>#<ActionDispatch::Http::UploadedFile:0x3ce7510 @original_filename="blob", @content_type="video/webm", @headers="Content-Disposition: form-data; name=\"video\"; filename=\"blob\"\r\nContent-Type: video/webm\r\n", @tempfile=#<File:C:/Users/anurag/AppData/Local/Temp/RackMultipart20150319-1848-11quk4x>>, "user"=>"Anurag Video"}
WARNING: Can't verify CSRF token authenticity
  [1m[36m (1.0ms)[0m  [1mbegin transaction[0m
  [1m[35mSQL (22.0ms)[0m  INSERT INTO "users" ("created_at", "title", "updated_at", "video") VALUES (?, ?, ?, ?)  [["created_at", Thu, 19 Mar 2015 09:22:45 UTC +00:00], ["title", "Anurag Video"], ["updated_at", Thu, 19 Mar 2015 09:22:45 UTC +00:00], ["video", "blob"]]
  [1m[36m (249.0ms)[0m  [1mcommit transaction[0m
Completed 200 OK in 2061.1ms (Views: 0.0ms | ActiveRecord: 297.0ms)


Started GET "/users" for 127.0.0.1 at 2015-03-19 14:53:51 +0530
Processing by UsersController#index as HTML
  [1m[35mUser Load (2.0ms)[0m  SELECT "users".* FROM "users" 
  Rendered users/index.html.erb within layouts/application (260.0ms)
Completed 200 OK in 2376.1ms (Views: 2367.1ms | ActiveRecord: 2.0ms)


Started GET "/assets/application.css?body=1" for 127.0.0.1 at 2015-03-19 14:53:54 +0530
Served asset /application.css - 200 OK (50ms)


Started GET "/assets/users.css?body=1" for 127.0.0.1 at 2015-03-19 14:53:54 +0530
Served asset /users.css - 200 OK (27ms)


Started GET "/assets/jquery.js?body=1" for 127.0.0.1 at 2015-03-19 14:53:54 +0530
Served asset /jquery.js - 200 OK (80ms)


Started GET "/assets/jquery_ujs.js?body=1" for 127.0.0.1 at 2015-03-19 14:53:55 +0530
Served asset /jquery_ujs.js - 200 OK (50ms)


Started GET "/assets/users.js?body=1" for 127.0.0.1 at 2015-03-19 14:53:55 +0530
Served asset /users.js - 200 OK (201ms)


Started GET "/assets/application.js?body=1" for 127.0.0.1 at 2015-03-19 14:53:55 +0530
Served asset /application.js - 200 OK (41ms)


Started GET "/" for 127.0.0.1 at 2015-03-22 01:52:30 +0530
Connecting to database specified by database.yml
Processing by UsersController#home as HTML
  Rendered users/home.html within layouts/application (49.0ms)
Completed 200 OK in 1101.1ms (Views: 1100.1ms | ActiveRecord: 0.0ms)


Started GET "/assets/application.css?body=1" for 127.0.0.1 at 2015-03-22 01:52:36 +0530
Served asset /application.css - 304 Not Modified (39ms)


Started GET "/assets/users.css?body=1" for 127.0.0.1 at 2015-03-22 01:52:36 +0530
Served asset /users.css - 304 Not Modified (8ms)


Started GET "/assets/jquery.js?body=1" for 127.0.0.1 at 2015-03-22 01:52:36 +0530
Served asset /jquery.js - 304 Not Modified (120ms)


Started GET "/assets/jquery_ujs.js?body=1" for 127.0.0.1 at 2015-03-22 01:52:37 +0530
Served asset /jquery_ujs.js - 304 Not Modified (13ms)


Started GET "/assets/users.js?body=1" for 127.0.0.1 at 2015-03-22 01:52:37 +0530
Served asset /users.js - 304 Not Modified (7ms)


Started GET "/assets/application.js?body=1" for 127.0.0.1 at 2015-03-22 01:52:37 +0530
Served asset /application.js - 304 Not Modified (26ms)


Started GET "/" for 127.0.0.1 at 2015-03-22 01:53:15 +0530
Processing by UsersController#home as HTML
  Rendered users/home.html within layouts/application (0.0ms)
Completed 200 OK in 409.0ms (Views: 409.0ms | ActiveRecord: 0.0ms)


Started GET "/assets/application.css?body=1" for 127.0.0.1 at 2015-03-22 01:53:16 +0530
Served asset /application.css - 304 Not Modified (2ms)


Started GET "/assets/users.css?body=1" for 127.0.0.1 at 2015-03-22 01:53:16 +0530
Served asset /users.css - 304 Not Modified (0ms)


Started GET "/assets/jquery.js?body=1" for 127.0.0.1 at 2015-03-22 01:53:16 +0530
Served asset /jquery.js - 304 Not Modified (1ms)


Started GET "/assets/jquery_ujs.js?body=1" for 127.0.0.1 at 2015-03-22 01:53:16 +0530
Served asset /jquery_ujs.js - 304 Not Modified (1ms)


Started GET "/assets/users.js?body=1" for 127.0.0.1 at 2015-03-22 01:53:16 +0530
Served asset /users.js - 304 Not Modified (1ms)


Started GET "/assets/application.js?body=1" for 127.0.0.1 at 2015-03-22 01:53:16 +0530
Served asset /application.js - 304 Not Modified (6ms)


Started GET "/users" for 127.0.0.1 at 2015-03-22 01:54:04 +0530
Processing by UsersController#index as HTML
  [1m[36mUser Load (1.0ms)[0m  [1mSELECT "users".* FROM "users" [0m
  Rendered users/index.html.erb within layouts/application (172.0ms)
Completed 200 OK in 1047.1ms (Views: 257.0ms | ActiveRecord: 169.0ms)


Started GET "/assets/application.css?body=1" for 127.0.0.1 at 2015-03-22 01:54:05 +0530
Served asset /application.css - 304 Not Modified (1ms)


Started GET "/assets/users.css?body=1" for 127.0.0.1 at 2015-03-22 01:54:05 +0530
Served asset /users.css - 304 Not Modified (0ms)


Started GET "/assets/jquery.js?body=1" for 127.0.0.1 at 2015-03-22 01:54:05 +0530
Served asset /jquery.js - 304 Not Modified (1ms)


Started GET "/assets/jquery_ujs.js?body=1" for 127.0.0.1 at 2015-03-22 01:54:05 +0530
Served asset /jquery_ujs.js - 304 Not Modified (0ms)


Started GET "/assets/users.js?body=1" for 127.0.0.1 at 2015-03-22 01:54:05 +0530
Served asset /users.js - 304 Not Modified (1ms)


Started GET "/assets/application.js?body=1" for 127.0.0.1 at 2015-03-22 01:54:06 +0530
Served asset /application.js - 304 Not Modified (22ms)


Started GET "/users" for 127.0.0.1 at 2015-03-22 01:55:08 +0530
Processing by UsersController#index as HTML
  [1m[35mUser Load (3.0ms)[0m  SELECT "users".* FROM "users" 
  Rendered users/index.html.erb within layouts/application (48.0ms)
Completed 200 OK in 85.0ms (Views: 78.0ms | ActiveRecord: 3.0ms)


Started GET "/assets/application.css?body=1" for 127.0.0.1 at 2015-03-22 01:55:08 +0530
Served asset /application.css - 304 Not Modified (2ms)


Started GET "/assets/users.css?body=1" for 127.0.0.1 at 2015-03-22 01:55:08 +0530
Served asset /users.css - 304 Not Modified (1ms)


Started GET "/assets/jquery.js?body=1" for 127.0.0.1 at 2015-03-22 01:55:08 +0530
Served asset /jquery.js - 304 Not Modified (2ms)


Started GET "/assets/jquery_ujs.js?body=1" for 127.0.0.1 at 2015-03-22 01:55:08 +0530
Served asset /jquery_ujs.js - 304 Not Modified (0ms)


Started GET "/assets/users.js?body=1" for 127.0.0.1 at 2015-03-22 01:55:08 +0530
Served asset /users.js - 304 Not Modified (0ms)


Started GET "/assets/application.js?body=1" for 127.0.0.1 at 2015-03-22 01:55:08 +0530
Served asset /application.js - 304 Not Modified (5ms)


Started GET "/uploads/user/video/43/blob" for 127.0.0.1 at 2015-03-22 01:55:20 +0530

ActionController::RoutingError (No route matches [GET] "/uploads/user/video/43/blob"):
  actionpack (3.2.16) lib/action_dispatch/middleware/debug_exceptions.rb:21:in `call'
  actionpack (3.2.16) lib/action_dispatch/middleware/show_exceptions.rb:56:in `call'
  railties (3.2.16) lib/rails/rack/logger.rb:32:in `call_app'
  railties (3.2.16) lib/rails/rack/logger.rb:16:in `block in call'
  activesupport (3.2.16) lib/active_support/tagged_logging.rb:22:in `tagged'
  railties (3.2.16) lib/rails/rack/logger.rb:16:in `call'
  actionpack (3.2.16) lib/action_dispatch/middleware/request_id.rb:22:in `call'
  rack (1.4.5) lib/rack/methodoverride.rb:21:in `call'
  rack (1.4.5) lib/rack/runtime.rb:17:in `call'
  activesupport (3.2.16) lib/active_support/cache/strategy/local_cache.rb:72:in `call'
  rack (1.4.5) lib/rack/lock.rb:15:in `call'
  actionpack (3.2.16) lib/action_dispatch/middleware/static.rb:63:in `call'
  railties (3.2.16) lib/rails/engine.rb:484:in `call'
  railties (3.2.16) lib/rails/application.rb:231:in `call'
  rack (1.4.5) lib/rack/content_length.rb:14:in `call'
  railties (3.2.16) lib/rails/rack/log_tailer.rb:17:in `call'
  rack (1.4.5) lib/rack/handler/webrick.rb:59:in `service'
  C:/RailsInstaller/Ruby1.9.3/lib/ruby/1.9.1/webrick/httpserver.rb:138:in `service'
  C:/RailsInstaller/Ruby1.9.3/lib/ruby/1.9.1/webrick/httpserver.rb:94:in `run'
  C:/RailsInstaller/Ruby1.9.3/lib/ruby/1.9.1/webrick/server.rb:191:in `block in start_thread'


  Rendered C:/RailsInstaller/Ruby1.9.3/lib/ruby/gems/1.9.1/gems/actionpack-3.2.16/lib/action_dispatch/middleware/templates/rescues/routing_error.erb within rescues/layout (1.0ms)


Started GET "/users" for 127.0.0.1 at 2015-03-22 01:56:56 +0530
Processing by UsersController#index as HTML
  [1m[36mUser Load (1.0ms)[0m  [1mSELECT "users".* FROM "users" [0m
  Rendered users/index.html.erb within layouts/application (92.0ms)
Completed 200 OK in 139.0ms (Views: 135.0ms | ActiveRecord: 1.0ms)


Started GET "/assets/application.css?body=1" for 127.0.0.1 at 2015-03-22 01:56:56 +0530
Served asset /application.css - 304 Not Modified (0ms)


Started GET "/assets/jquery.js?body=1" for 127.0.0.1 at 2015-03-22 01:56:56 +0530
Served asset /jquery.js - 304 Not Modified (3ms)


Started GET "/assets/users.css?body=1" for 127.0.0.1 at 2015-03-22 01:56:56 +0530
Served asset /users.css - 304 Not Modified (2ms)


Started GET "/assets/application.js?body=1" for 127.0.0.1 at 2015-03-22 01:56:57 +0530
Served asset /application.js - 304 Not Modified (5ms)


Started GET "/assets/jquery_ujs.js?body=1" for 127.0.0.1 at 2015-03-22 01:56:57 +0530
Served asset /jquery_ujs.js - 304 Not Modified (2ms)


Started GET "/assets/users.js?body=1" for 127.0.0.1 at 2015-03-22 01:56:57 +0530
Served asset /users.js - 304 Not Modified (1ms)
